{"/home/hhalse/OSP/Chrome-Ext-Webpack/src/background.js": {"path":"/home/hhalse/OSP/Chrome-Ext-Webpack/src/background.js","statementMap":{"0":{"start":{"line":3,"column":0},"end":{"line":65,"column":5}},"1":{"start":{"line":5,"column":4},"end":{"line":63,"column":5}},"2":{"start":{"line":6,"column":6},"end":{"line":62,"column":7}},"3":{"start":{"line":7,"column":8},"end":{"line":58,"column":11}},"4":{"start":{"line":8,"column":10},"end":{"line":12,"column":11}},"5":{"start":{"line":9,"column":12},"end":{"line":9,"column":54}},"6":{"start":{"line":10,"column":12},"end":{"line":10,"column":64}},"7":{"start":{"line":11,"column":12},"end":{"line":11,"column":19}},"8":{"start":{"line":13,"column":22},"end":{"line":13,"column":33}},"9":{"start":{"line":14,"column":10},"end":{"line":14,"column":63}},"10":{"start":{"line":14,"column":19},"end":{"line":14,"column":63}},"11":{"start":{"line":16,"column":28},"end":{"line":16,"column":40}},"12":{"start":{"line":17,"column":10},"end":{"line":27,"column":11}},"13":{"start":{"line":19,"column":12},"end":{"line":21,"column":13}},"14":{"start":{"line":20,"column":14},"end":{"line":20,"column":77}},"15":{"start":{"line":24,"column":12},"end":{"line":24,"column":59}},"16":{"start":{"line":25,"column":12},"end":{"line":25,"column":47}},"17":{"start":{"line":26,"column":12},"end":{"line":26,"column":19}},"18":{"start":{"line":28,"column":29},"end":{"line":28,"column":62}},"19":{"start":{"line":29,"column":42},"end":{"line":29,"column":53}},"20":{"start":{"line":30,"column":33},"end":{"line":30,"column":79}},"21":{"start":{"line":32,"column":10},"end":{"line":57,"column":13}},"22":{"start":{"line":34,"column":12},"end":{"line":39,"column":13}},"23":{"start":{"line":35,"column":14},"end":{"line":35,"column":36}},"24":{"start":{"line":37,"column":14},"end":{"line":37,"column":32}},"25":{"start":{"line":40,"column":12},"end":{"line":40,"column":41}},"26":{"start":{"line":41,"column":12},"end":{"line":41,"column":32}},"27":{"start":{"line":43,"column":12},"end":{"line":56,"column":15}},"28":{"start":{"line":51,"column":14},"end":{"line":54,"column":15}},"29":{"start":{"line":52,"column":16},"end":{"line":52,"column":72}},"30":{"start":{"line":53,"column":16},"end":{"line":53,"column":61}},"31":{"start":{"line":55,"column":14},"end":{"line":55,"column":41}},"32":{"start":{"line":60,"column":8},"end":{"line":60,"column":57}},"33":{"start":{"line":61,"column":8},"end":{"line":61,"column":45}},"34":{"start":{"line":64,"column":4},"end":{"line":64,"column":16}}},"fnMap":{"0":{"name":"(anonymous_0)","decl":{"start":{"line":4,"column":2},"end":{"line":4,"column":3}},"loc":{"start":{"line":4,"column":37},"end":{"line":65,"column":3}},"line":4},"1":{"name":"(anonymous_1)","decl":{"start":{"line":7,"column":63},"end":{"line":7,"column":64}},"loc":{"start":{"line":7,"column":73},"end":{"line":58,"column":9}},"line":7},"2":{"name":"(anonymous_2)","decl":{"start":{"line":32,"column":57},"end":{"line":32,"column":58}},"loc":{"start":{"line":32,"column":69},"end":{"line":57,"column":11}},"line":32},"3":{"name":"(anonymous_3)","decl":{"start":{"line":50,"column":15},"end":{"line":50,"column":16}},"loc":{"start":{"line":50,"column":31},"end":{"line":56,"column":13}},"line":50}},"branchMap":{"0":{"loc":{"start":{"line":5,"column":4},"end":{"line":63,"column":5}},"type":"if","locations":[{"start":{"line":5,"column":4},"end":{"line":63,"column":5}},{"start":{},"end":{}}],"line":5},"1":{"loc":{"start":{"line":8,"column":10},"end":{"line":12,"column":11}},"type":"if","locations":[{"start":{"line":8,"column":10},"end":{"line":12,"column":11}},{"start":{},"end":{}}],"line":8},"2":{"loc":{"start":{"line":8,"column":14},"end":{"line":8,"column":35}},"type":"binary-expr","locations":[{"start":{"line":8,"column":14},"end":{"line":8,"column":19}},{"start":{"line":8,"column":23},"end":{"line":8,"column":35}}],"line":8},"3":{"loc":{"start":{"line":14,"column":10},"end":{"line":14,"column":63}},"type":"if","locations":[{"start":{"line":14,"column":10},"end":{"line":14,"column":63}},{"start":{},"end":{}}],"line":14},"4":{"loc":{"start":{"line":19,"column":12},"end":{"line":21,"column":13}},"type":"if","locations":[{"start":{"line":19,"column":12},"end":{"line":21,"column":13}},{"start":{},"end":{}}],"line":19},"5":{"loc":{"start":{"line":19,"column":16},"end":{"line":19,"column":81}},"type":"binary-expr","locations":[{"start":{"line":19,"column":16},"end":{"line":19,"column":47}},{"start":{"line":19,"column":51},"end":{"line":19,"column":81}}],"line":19},"6":{"loc":{"start":{"line":34,"column":12},"end":{"line":39,"column":13}},"type":"if","locations":[{"start":{"line":34,"column":12},"end":{"line":39,"column":13}},{"start":{"line":36,"column":19},"end":{"line":39,"column":13}}],"line":34},"7":{"loc":{"start":{"line":51,"column":14},"end":{"line":54,"column":15}},"type":"if","locations":[{"start":{"line":51,"column":14},"end":{"line":54,"column":15}},{"start":{},"end":{}}],"line":51}},"s":{"0":0,"1":0,"2":0,"3":0,"4":0,"5":0,"6":0,"7":0,"8":0,"9":0,"10":0,"11":0,"12":0,"13":0,"14":0,"15":0,"16":0,"17":0,"18":0,"19":0,"20":0,"21":0,"22":0,"23":0,"24":0,"25":0,"26":0,"27":0,"28":0,"29":0,"30":0,"31":0,"32":0,"33":0,"34":0},"f":{"0":0,"1":0,"2":0,"3":0},"b":{"0":[0,0],"1":[0,0],"2":[0,0],"3":[0,0],"4":[0,0],"5":[0,0],"6":[0,0],"7":[0,0]}}
,"/home/hhalse/OSP/Chrome-Ext-Webpack/src/index.jsx": {"path":"/home/hhalse/OSP/Chrome-Ext-Webpack/src/index.jsx","statementMap":{"0":{"start":{"line":5,"column":18},"end":{"line":5,"column":49}},"1":{"start":{"line":6,"column":13},"end":{"line":6,"column":34}},"2":{"start":{"line":7,"column":0},"end":{"line":7,"column":19}}},"fnMap":{},"branchMap":{},"s":{"0":0,"1":0,"2":0},"f":{},"b":{}}
,"/home/hhalse/OSP/Chrome-Ext-Webpack/src/components/App.jsx": {"path":"/home/hhalse/OSP/Chrome-Ext-Webpack/src/components/App.jsx","statementMap":{"0":{"start":{"line":12,"column":36},"end":{"line":14,"column":4}},"1":{"start":{"line":15,"column":24},"end":{"line":15,"column":36}},"2":{"start":{"line":16,"column":42},"end":{"line":16,"column":56}},"3":{"start":{"line":17,"column":30},"end":{"line":17,"column":42}},"4":{"start":{"line":18,"column":38},"end":{"line":18,"column":49}},"5":{"start":{"line":19,"column":30},"end":{"line":19,"column":42}},"6":{"start":{"line":20,"column":44},"end":{"line":20,"column":59}},"7":{"start":{"line":21,"column":46},"end":{"line":21,"column":58}},"8":{"start":{"line":26,"column":18},"end":{"line":26,"column":43}},"9":{"start":{"line":27,"column":19},"end":{"line":27,"column":45}},"10":{"start":{"line":29,"column":19},"end":{"line":29,"column":64}},"11":{"start":{"line":30,"column":21},"end":{"line":30,"column":64}},"12":{"start":{"line":30,"column":48},"end":{"line":30,"column":51}},"13":{"start":{"line":30,"column":60},"end":{"line":30,"column":63}},"14":{"start":{"line":31,"column":15},"end":{"line":31,"column":17}},"15":{"start":{"line":32,"column":15},"end":{"line":32,"column":25}},"16":{"start":{"line":33,"column":17},"end":{"line":33,"column":45}},"17":{"start":{"line":35,"column":17},"end":{"line":35,"column":35}},"18":{"start":{"line":37,"column":4},"end":{"line":37,"column":21}},"19":{"start":{"line":38,"column":4},"end":{"line":38,"column":16}},"20":{"start":{"line":39,"column":4},"end":{"line":43,"column":7}},"21":{"start":{"line":40,"column":6},"end":{"line":40,"column":15}},"22":{"start":{"line":41,"column":6},"end":{"line":41,"column":31}},"23":{"start":{"line":42,"column":6},"end":{"line":42,"column":37}},"24":{"start":{"line":42,"column":19},"end":{"line":42,"column":37}},"25":{"start":{"line":45,"column":16},"end":{"line":47,"column":38}},"26":{"start":{"line":49,"column":18},"end":{"line":53,"column":32}},"27":{"start":{"line":55,"column":18},"end":{"line":57,"column":36}},"28":{"start":{"line":59,"column":18},"end":{"line":72,"column":28}},"29":{"start":{"line":76,"column":20},"end":{"line":76,"column":48}},"30":{"start":{"line":77,"column":20},"end":{"line":77,"column":32}},"31":{"start":{"line":80,"column":6},"end":{"line":80,"column":17}},"32":{"start":{"line":82,"column":17},"end":{"line":82,"column":21}},"33":{"start":{"line":83,"column":18},"end":{"line":83,"column":22}},"34":{"start":{"line":84,"column":6},"end":{"line":87,"column":9}},"35":{"start":{"line":85,"column":8},"end":{"line":85,"column":41}},"36":{"start":{"line":85,"column":29},"end":{"line":85,"column":41}},"37":{"start":{"line":86,"column":8},"end":{"line":86,"column":43}},"38":{"start":{"line":86,"column":30},"end":{"line":86,"column":43}},"39":{"start":{"line":89,"column":21},"end":{"line":89,"column":66}},"40":{"start":{"line":91,"column":25},"end":{"line":93,"column":48}},"41":{"start":{"line":95,"column":19},"end":{"line":127,"column":10}},"42":{"start":{"line":96,"column":26},"end":{"line":96,"column":30}},"43":{"start":{"line":98,"column":10},"end":{"line":98,"column":30}},"44":{"start":{"line":99,"column":10},"end":{"line":99,"column":38}},"45":{"start":{"line":100,"column":21},"end":{"line":100,"column":51}},"46":{"start":{"line":101,"column":28},"end":{"line":101,"column":30}},"47":{"start":{"line":102,"column":10},"end":{"line":109,"column":11}},"48":{"start":{"line":102,"column":33},"end":{"line":102,"column":70}},"49":{"start":{"line":104,"column":12},"end":{"line":108,"column":14}},"50":{"start":{"line":105,"column":14},"end":{"line":107,"column":15}},"51":{"start":{"line":106,"column":16},"end":{"line":106,"column":50}},"52":{"start":{"line":110,"column":26},"end":{"line":110,"column":48}},"53":{"start":{"line":112,"column":10},"end":{"line":119,"column":37}},"54":{"start":{"line":120,"column":10},"end":{"line":120,"column":35}},"55":{"start":{"line":123,"column":10},"end":{"line":126,"column":32}},"56":{"start":{"line":129,"column":24},"end":{"line":136,"column":10}},"57":{"start":{"line":130,"column":32},"end":{"line":130,"column":70}},"58":{"start":{"line":134,"column":10},"end":{"line":134,"column":55}},"59":{"start":{"line":135,"column":10},"end":{"line":135,"column":20}},"60":{"start":{"line":138,"column":6},"end":{"line":141,"column":34}},"61":{"start":{"line":140,"column":27},"end":{"line":140,"column":93}},"62":{"start":{"line":143,"column":6},"end":{"line":151,"column":33}},"63":{"start":{"line":145,"column":24},"end":{"line":145,"column":44}},"64":{"start":{"line":146,"column":34},"end":{"line":146,"column":63}},"65":{"start":{"line":147,"column":19},"end":{"line":147,"column":30}},"66":{"start":{"line":154,"column":25},"end":{"line":157,"column":34}},"67":{"start":{"line":155,"column":32},"end":{"line":155,"column":58}},"68":{"start":{"line":160,"column":23},"end":{"line":163,"column":34}},"69":{"start":{"line":161,"column":32},"end":{"line":161,"column":68}},"70":{"start":{"line":166,"column":19},"end":{"line":167,"column":38}},"71":{"start":{"line":167,"column":26},"end":{"line":167,"column":37}},"72":{"start":{"line":170,"column":24},"end":{"line":175,"column":10}},"73":{"start":{"line":173,"column":20},"end":{"line":173,"column":50}},"74":{"start":{"line":174,"column":10},"end":{"line":174,"column":52}},"75":{"start":{"line":178,"column":6},"end":{"line":179,"column":29}},"76":{"start":{"line":182,"column":6},"end":{"line":186,"column":11}},"77":{"start":{"line":184,"column":20},"end":{"line":184,"column":48}},"78":{"start":{"line":185,"column":10},"end":{"line":185,"column":52}},"79":{"start":{"line":189,"column":6},"end":{"line":192,"column":9}},"80":{"start":{"line":190,"column":8},"end":{"line":190,"column":19}},"81":{"start":{"line":191,"column":8},"end":{"line":191,"column":19}},"82":{"start":{"line":195,"column":4},"end":{"line":195,"column":17}},"83":{"start":{"line":201,"column":18},"end":{"line":201,"column":80}},"84":{"start":{"line":202,"column":4},"end":{"line":211,"column":7}},"85":{"start":{"line":207,"column":24},"end":{"line":207,"column":50}},"86":{"start":{"line":208,"column":6},"end":{"line":208,"column":28}},"87":{"start":{"line":209,"column":25},"end":{"line":209,"column":55}},"88":{"start":{"line":210,"column":6},"end":{"line":210,"column":30}},"89":{"start":{"line":220,"column":17},"end":{"line":220,"column":246}},"90":{"start":{"line":222,"column":17},"end":{"line":222,"column":48}},"91":{"start":{"line":223,"column":17},"end":{"line":223,"column":33}},"92":{"start":{"line":224,"column":20},"end":{"line":224,"column":22}},"93":{"start":{"line":230,"column":18},"end":{"line":230,"column":55}},"94":{"start":{"line":231,"column":4},"end":{"line":301,"column":5}},"95":{"start":{"line":233,"column":33},"end":{"line":233,"column":46}},"96":{"start":{"line":234,"column":6},"end":{"line":234,"column":43}},"97":{"start":{"line":237,"column":6},"end":{"line":237,"column":54}},"98":{"start":{"line":237,"column":31},"end":{"line":237,"column":54}},"99":{"start":{"line":238,"column":6},"end":{"line":238,"column":42}},"100":{"start":{"line":238,"column":25},"end":{"line":238,"column":42}},"101":{"start":{"line":246,"column":6},"end":{"line":246,"column":59}},"102":{"start":{"line":246,"column":28},"end":{"line":246,"column":59}},"103":{"start":{"line":247,"column":6},"end":{"line":249,"column":7}},"104":{"start":{"line":248,"column":8},"end":{"line":248,"column":56}},"105":{"start":{"line":252,"column":6},"end":{"line":259,"column":7}},"106":{"start":{"line":253,"column":20},"end":{"line":253,"column":52}},"107":{"start":{"line":254,"column":8},"end":{"line":258,"column":9}},"108":{"start":{"line":255,"column":10},"end":{"line":257,"column":11}},"109":{"start":{"line":256,"column":12},"end":{"line":256,"column":75}},"110":{"start":{"line":260,"column":19},"end":{"line":260,"column":39}},"111":{"start":{"line":261,"column":6},"end":{"line":268,"column":7}},"112":{"start":{"line":262,"column":25},"end":{"line":262,"column":54}},"113":{"start":{"line":263,"column":8},"end":{"line":267,"column":9}},"114":{"start":{"line":263,"column":21},"end":{"line":263,"column":22}},"115":{"start":{"line":264,"column":10},"end":{"line":266,"column":11}},"116":{"start":{"line":265,"column":12},"end":{"line":265,"column":75}},"117":{"start":{"line":295,"column":6},"end":{"line":300,"column":7}},"118":{"start":{"line":296,"column":8},"end":{"line":299,"column":9}},"119":{"start":{"line":296,"column":21},"end":{"line":296,"column":22}},"120":{"start":{"line":297,"column":10},"end":{"line":297,"column":80}},"121":{"start":{"line":298,"column":10},"end":{"line":298,"column":86}},"122":{"start":{"line":302,"column":4},"end":{"line":302,"column":18}},"123":{"start":{"line":307,"column":23},"end":{"line":307,"column":85}},"124":{"start":{"line":310,"column":20},"end":{"line":310,"column":40}},"125":{"start":{"line":313,"column":4},"end":{"line":313,"column":41}},"126":{"start":{"line":314,"column":4},"end":{"line":314,"column":50}},"127":{"start":{"line":315,"column":4},"end":{"line":315,"column":23}},"128":{"start":{"line":316,"column":19},"end":{"line":316,"column":34}},"129":{"start":{"line":317,"column":16},"end":{"line":317,"column":73}},"130":{"start":{"line":318,"column":4},"end":{"line":318,"column":20}},"131":{"start":{"line":321,"column":17},"end":{"line":321,"column":211}},"132":{"start":{"line":322,"column":17},"end":{"line":322,"column":43}},"133":{"start":{"line":323,"column":4},"end":{"line":323,"column":21}},"134":{"start":{"line":326,"column":18},"end":{"line":326,"column":68}},"135":{"start":{"line":327,"column":4},"end":{"line":395,"column":5}},"136":{"start":{"line":329,"column":32},"end":{"line":329,"column":45}},"137":{"start":{"line":331,"column":23},"end":{"line":331,"column":37}},"138":{"start":{"line":332,"column":6},"end":{"line":336,"column":7}},"139":{"start":{"line":333,"column":8},"end":{"line":333,"column":42}},"140":{"start":{"line":334,"column":8},"end":{"line":334,"column":173}},"141":{"start":{"line":335,"column":8},"end":{"line":335,"column":16}},"142":{"start":{"line":337,"column":6},"end":{"line":337,"column":90}},"143":{"start":{"line":337,"column":63},"end":{"line":337,"column":90}},"144":{"start":{"line":339,"column":6},"end":{"line":343,"column":7}},"145":{"start":{"line":340,"column":8},"end":{"line":340,"column":41}},"146":{"start":{"line":341,"column":8},"end":{"line":341,"column":37}},"147":{"start":{"line":342,"column":8},"end":{"line":342,"column":98}},"148":{"start":{"line":346,"column":6},"end":{"line":356,"column":7}},"149":{"start":{"line":347,"column":8},"end":{"line":355,"column":9}},"150":{"start":{"line":348,"column":10},"end":{"line":354,"column":11}},"151":{"start":{"line":349,"column":12},"end":{"line":353,"column":13}},"152":{"start":{"line":350,"column":14},"end":{"line":350,"column":47}},"153":{"start":{"line":351,"column":14},"end":{"line":351,"column":43}},"154":{"start":{"line":352,"column":14},"end":{"line":352,"column":150}},"155":{"start":{"line":361,"column":19},"end":{"line":361,"column":20}},"156":{"start":{"line":362,"column":24},"end":{"line":362,"column":39}},"157":{"start":{"line":364,"column":6},"end":{"line":394,"column":7}},"158":{"start":{"line":364,"column":19},"end":{"line":364,"column":20}},"159":{"start":{"line":365,"column":35},"end":{"line":365,"column":56}},"160":{"start":{"line":366,"column":34},"end":{"line":366,"column":47}},"161":{"start":{"line":367,"column":8},"end":{"line":393,"column":9}},"162":{"start":{"line":368,"column":10},"end":{"line":368,"column":18}},"163":{"start":{"line":369,"column":10},"end":{"line":369,"column":18}},"164":{"start":{"line":371,"column":10},"end":{"line":377,"column":11}},"165":{"start":{"line":372,"column":12},"end":{"line":376,"column":13}},"166":{"start":{"line":373,"column":14},"end":{"line":373,"column":47}},"167":{"start":{"line":374,"column":14},"end":{"line":374,"column":43}},"168":{"start":{"line":375,"column":14},"end":{"line":375,"column":96}},"169":{"start":{"line":378,"column":10},"end":{"line":384,"column":11}},"170":{"start":{"line":379,"column":12},"end":{"line":383,"column":13}},"171":{"start":{"line":380,"column":14},"end":{"line":380,"column":47}},"172":{"start":{"line":381,"column":14},"end":{"line":381,"column":43}},"173":{"start":{"line":382,"column":14},"end":{"line":382,"column":90}},"174":{"start":{"line":385,"column":10},"end":{"line":391,"column":11}},"175":{"start":{"line":386,"column":12},"end":{"line":390,"column":13}},"176":{"start":{"line":387,"column":14},"end":{"line":387,"column":47}},"177":{"start":{"line":388,"column":14},"end":{"line":388,"column":43}},"178":{"start":{"line":389,"column":14},"end":{"line":389,"column":124}},"179":{"start":{"line":392,"column":10},"end":{"line":392,"column":83}},"180":{"start":{"line":396,"column":4},"end":{"line":396,"column":28}},"181":{"start":{"line":397,"column":4},"end":{"line":397,"column":30}},"182":{"start":{"line":398,"column":4},"end":{"line":398,"column":22}},"183":{"start":{"line":588,"column":38},"end":{"line":646,"column":3}},"184":{"start":{"line":590,"column":4},"end":{"line":601,"column":9}},"185":{"start":{"line":592,"column":8},"end":{"line":594,"column":9}},"186":{"start":{"line":593,"column":10},"end":{"line":593,"column":42}},"187":{"start":{"line":596,"column":8},"end":{"line":596,"column":35}},"188":{"start":{"line":597,"column":8},"end":{"line":597,"column":41}},"189":{"start":{"line":598,"column":8},"end":{"line":598,"column":41}},"190":{"start":{"line":599,"column":8},"end":{"line":599,"column":36}},"191":{"start":{"line":600,"column":8},"end":{"line":600,"column":54}},"192":{"start":{"line":603,"column":23},"end":{"line":603,"column":85}},"193":{"start":{"line":604,"column":4},"end":{"line":645,"column":5}},"194":{"start":{"line":605,"column":19},"end":{"line":605,"column":21}},"195":{"start":{"line":606,"column":23},"end":{"line":612,"column":8}},"196":{"start":{"line":613,"column":6},"end":{"line":615,"column":7}},"197":{"start":{"line":614,"column":8},"end":{"line":614,"column":44}},"198":{"start":{"line":616,"column":21},"end":{"line":616,"column":42}},"199":{"start":{"line":617,"column":6},"end":{"line":617,"column":41}},"200":{"start":{"line":618,"column":6},"end":{"line":618,"column":39}},"201":{"start":{"line":619,"column":6},"end":{"line":619,"column":26}},"202":{"start":{"line":620,"column":6},"end":{"line":620,"column":47}},"203":{"start":{"line":621,"column":6},"end":{"line":642,"column":7}},"204":{"start":{"line":622,"column":8},"end":{"line":622,"column":62}},"205":{"start":{"line":623,"column":26},"end":{"line":633,"column":10}},"206":{"start":{"line":634,"column":8},"end":{"line":634,"column":30}},"207":{"start":{"line":635,"column":8},"end":{"line":637,"column":9}},"208":{"start":{"line":636,"column":10},"end":{"line":636,"column":47}},"209":{"start":{"line":638,"column":24},"end":{"line":638,"column":46}},"210":{"start":{"line":639,"column":8},"end":{"line":639,"column":42}},"211":{"start":{"line":641,"column":8},"end":{"line":641,"column":24}},"212":{"start":{"line":644,"column":6},"end":{"line":644,"column":22}},"213":{"start":{"line":650,"column":2},"end":{"line":655,"column":38}},"214":{"start":{"line":651,"column":4},"end":{"line":653,"column":5}},"215":{"start":{"line":652,"column":6},"end":{"line":652,"column":13}},"216":{"start":{"line":654,"column":4},"end":{"line":654,"column":34}},"217":{"start":{"line":661,"column":2},"end":{"line":663,"column":4}}},"fnMap":{"0":{"name":"App","decl":{"start":{"line":9,"column":24},"end":{"line":9,"column":27}},"loc":{"start":{"line":9,"column":30},"end":{"line":664,"column":1}},"line":9},"1":{"name":"treeGenerator","decl":{"start":{"line":24,"column":11},"end":{"line":24,"column":24}},"loc":{"start":{"line":24,"column":31},"end":{"line":197,"column":3}},"line":24},"2":{"name":"(anonymous_2)","decl":{"start":{"line":30,"column":43},"end":{"line":30,"column":44}},"loc":{"start":{"line":30,"column":48},"end":{"line":30,"column":51}},"line":30},"3":{"name":"(anonymous_3)","decl":{"start":{"line":30,"column":55},"end":{"line":30,"column":56}},"loc":{"start":{"line":30,"column":60},"end":{"line":30,"column":63}},"line":30},"4":{"name":"(anonymous_4)","decl":{"start":{"line":39,"column":31},"end":{"line":39,"column":32}},"loc":{"start":{"line":39,"column":41},"end":{"line":43,"column":5}},"line":39},"5":{"name":"update","decl":{"start":{"line":74,"column":13},"end":{"line":74,"column":19}},"loc":{"start":{"line":74,"column":28},"end":{"line":193,"column":5}},"line":74},"6":{"name":"(anonymous_6)","decl":{"start":{"line":84,"column":22},"end":{"line":84,"column":23}},"loc":{"start":{"line":84,"column":30},"end":{"line":87,"column":7}},"line":84},"7":{"name":"(anonymous_7)","decl":{"start":{"line":96,"column":21},"end":{"line":96,"column":22}},"loc":{"start":{"line":96,"column":26},"end":{"line":96,"column":30}},"line":96},"8":{"name":"(anonymous_8)","decl":{"start":{"line":97,"column":25},"end":{"line":97,"column":26}},"loc":{"start":{"line":97,"column":48},"end":{"line":121,"column":9}},"line":97},"9":{"name":"(anonymous_9)","decl":{"start":{"line":104,"column":25},"end":{"line":104,"column":26}},"loc":{"start":{"line":104,"column":32},"end":{"line":108,"column":13}},"line":104},"10":{"name":"(anonymous_10)","decl":{"start":{"line":122,"column":24},"end":{"line":122,"column":25}},"loc":{"start":{"line":122,"column":37},"end":{"line":127,"column":9}},"line":122},"11":{"name":"(anonymous_11)","decl":{"start":{"line":130,"column":27},"end":{"line":130,"column":28}},"loc":{"start":{"line":130,"column":32},"end":{"line":130,"column":70}},"line":130},"12":{"name":"(anonymous_12)","decl":{"start":{"line":133,"column":21},"end":{"line":133,"column":22}},"loc":{"start":{"line":133,"column":35},"end":{"line":136,"column":9}},"line":133},"13":{"name":"(anonymous_13)","decl":{"start":{"line":140,"column":22},"end":{"line":140,"column":23}},"loc":{"start":{"line":140,"column":27},"end":{"line":140,"column":93}},"line":140},"14":{"name":"(anonymous_14)","decl":{"start":{"line":145,"column":19},"end":{"line":145,"column":20}},"loc":{"start":{"line":145,"column":24},"end":{"line":145,"column":44}},"line":145},"15":{"name":"(anonymous_15)","decl":{"start":{"line":146,"column":29},"end":{"line":146,"column":30}},"loc":{"start":{"line":146,"column":34},"end":{"line":146,"column":63}},"line":146},"16":{"name":"(anonymous_16)","decl":{"start":{"line":147,"column":14},"end":{"line":147,"column":15}},"loc":{"start":{"line":147,"column":19},"end":{"line":147,"column":30}},"line":147},"17":{"name":"(anonymous_17)","decl":{"start":{"line":155,"column":27},"end":{"line":155,"column":28}},"loc":{"start":{"line":155,"column":32},"end":{"line":155,"column":58}},"line":155},"18":{"name":"(anonymous_18)","decl":{"start":{"line":161,"column":27},"end":{"line":161,"column":28}},"loc":{"start":{"line":161,"column":32},"end":{"line":161,"column":68}},"line":161},"19":{"name":"(anonymous_19)","decl":{"start":{"line":167,"column":21},"end":{"line":167,"column":22}},"loc":{"start":{"line":167,"column":26},"end":{"line":167,"column":37}},"line":167},"20":{"name":"(anonymous_20)","decl":{"start":{"line":171,"column":19},"end":{"line":171,"column":20}},"loc":{"start":{"line":171,"column":24},"end":{"line":175,"column":9}},"line":171},"21":{"name":"(anonymous_21)","decl":{"start":{"line":183,"column":19},"end":{"line":183,"column":20}},"loc":{"start":{"line":183,"column":24},"end":{"line":186,"column":9}},"line":183},"22":{"name":"(anonymous_22)","decl":{"start":{"line":189,"column":22},"end":{"line":189,"column":23}},"loc":{"start":{"line":189,"column":27},"end":{"line":192,"column":7}},"line":189},"23":{"name":"injectFunction","decl":{"start":{"line":200,"column":17},"end":{"line":200,"column":31}},"loc":{"start":{"line":200,"column":34},"end":{"line":212,"column":3}},"line":200},"24":{"name":"(anonymous_24)","decl":{"start":{"line":206,"column":7},"end":{"line":206,"column":8}},"loc":{"start":{"line":206,"column":35},"end":{"line":211,"column":5}},"line":206},"25":{"name":"grabTreeFromBrowser","decl":{"start":{"line":218,"column":11},"end":{"line":218,"column":30}},"loc":{"start":{"line":218,"column":33},"end":{"line":303,"column":3}},"line":218},"26":{"name":"runComparison","decl":{"start":{"line":305,"column":17},"end":{"line":305,"column":30}},"loc":{"start":{"line":305,"column":44},"end":{"line":399,"column":3}},"line":305},"27":{"name":"(anonymous_27)","decl":{"start":{"line":588,"column":38},"end":{"line":588,"column":39}},"loc":{"start":{"line":588,"column":51},"end":{"line":646,"column":3}},"line":588},"28":{"name":"(anonymous_28)","decl":{"start":{"line":591,"column":6},"end":{"line":591,"column":7}},"loc":{"start":{"line":591,"column":26},"end":{"line":601,"column":7}},"line":591},"29":{"name":"(anonymous_29)","decl":{"start":{"line":650,"column":12},"end":{"line":650,"column":13}},"loc":{"start":{"line":650,"column":18},"end":{"line":655,"column":3}},"line":650}},"branchMap":{"0":{"loc":{"start":{"line":42,"column":6},"end":{"line":42,"column":37}},"type":"if","locations":[{"start":{"line":42,"column":6},"end":{"line":42,"column":37}},{"start":{},"end":{}}],"line":42},"1":{"loc":{"start":{"line":85,"column":8},"end":{"line":85,"column":41}},"type":"if","locations":[{"start":{"line":85,"column":8},"end":{"line":85,"column":41}},{"start":{},"end":{}}],"line":85},"2":{"loc":{"start":{"line":86,"column":8},"end":{"line":86,"column":43}},"type":"if","locations":[{"start":{"line":86,"column":8},"end":{"line":86,"column":43}},{"start":{},"end":{}}],"line":86},"3":{"loc":{"start":{"line":102,"column":10},"end":{"line":109,"column":11}},"type":"if","locations":[{"start":{"line":102,"column":10},"end":{"line":109,"column":11}},{"start":{"line":103,"column":15},"end":{"line":109,"column":11}}],"line":102},"4":{"loc":{"start":{"line":105,"column":14},"end":{"line":107,"column":15}},"type":"if","locations":[{"start":{"line":105,"column":14},"end":{"line":107,"column":15}},{"start":{},"end":{}}],"line":105},"5":{"loc":{"start":{"line":105,"column":18},"end":{"line":105,"column":53}},"type":"binary-expr","locations":[{"start":{"line":105,"column":18},"end":{"line":105,"column":33}},{"start":{"line":105,"column":37},"end":{"line":105,"column":53}}],"line":105},"6":{"loc":{"start":{"line":134,"column":23},"end":{"line":134,"column":54}},"type":"cond-expr","locations":[{"start":{"line":134,"column":36},"end":{"line":134,"column":40}},{"start":{"line":134,"column":43},"end":{"line":134,"column":54}}],"line":134},"7":{"loc":{"start":{"line":140,"column":27},"end":{"line":140,"column":93}},"type":"cond-expr","locations":[{"start":{"line":140,"column":55},"end":{"line":140,"column":60}},{"start":{"line":140,"column":63},"end":{"line":140,"column":93}}],"line":140},"8":{"loc":{"start":{"line":140,"column":63},"end":{"line":140,"column":93}},"type":"cond-expr","locations":[{"start":{"line":140,"column":77},"end":{"line":140,"column":84}},{"start":{"line":140,"column":87},"end":{"line":140,"column":93}}],"line":140},"9":{"loc":{"start":{"line":145,"column":24},"end":{"line":145,"column":44}},"type":"cond-expr","locations":[{"start":{"line":145,"column":38},"end":{"line":145,"column":40}},{"start":{"line":145,"column":43},"end":{"line":145,"column":44}}],"line":145},"10":{"loc":{"start":{"line":146,"column":34},"end":{"line":146,"column":63}},"type":"cond-expr","locations":[{"start":{"line":146,"column":48},"end":{"line":146,"column":53}},{"start":{"line":146,"column":56},"end":{"line":146,"column":63}}],"line":146},"11":{"loc":{"start":{"line":220,"column":17},"end":{"line":220,"column":246}},"type":"cond-expr","locations":[{"start":{"line":220,"column":53},"end":{"line":220,"column":86}},{"start":{"line":220,"column":89},"end":{"line":220,"column":246}}],"line":220},"12":{"loc":{"start":{"line":220,"column":89},"end":{"line":220,"column":246}},"type":"cond-expr","locations":[{"start":{"line":220,"column":127},"end":{"line":220,"column":162}},{"start":{"line":220,"column":165},"end":{"line":220,"column":246}}],"line":220},"13":{"loc":{"start":{"line":220,"column":165},"end":{"line":220,"column":246}},"type":"cond-expr","locations":[{"start":{"line":220,"column":199},"end":{"line":220,"column":230}},{"start":{"line":220,"column":233},"end":{"line":220,"column":246}}],"line":220},"14":{"loc":{"start":{"line":237,"column":6},"end":{"line":237,"column":54}},"type":"if","locations":[{"start":{"line":237,"column":6},"end":{"line":237,"column":54}},{"start":{},"end":{}}],"line":237},"15":{"loc":{"start":{"line":238,"column":6},"end":{"line":238,"column":42}},"type":"if","locations":[{"start":{"line":238,"column":6},"end":{"line":238,"column":42}},{"start":{},"end":{}}],"line":238},"16":{"loc":{"start":{"line":246,"column":6},"end":{"line":246,"column":59}},"type":"if","locations":[{"start":{"line":246,"column":6},"end":{"line":246,"column":59}},{"start":{},"end":{}}],"line":246},"17":{"loc":{"start":{"line":247,"column":6},"end":{"line":249,"column":7}},"type":"if","locations":[{"start":{"line":247,"column":6},"end":{"line":249,"column":7}},{"start":{},"end":{}}],"line":247},"18":{"loc":{"start":{"line":247,"column":10},"end":{"line":247,"column":107}},"type":"binary-expr","locations":[{"start":{"line":247,"column":10},"end":{"line":247,"column":38}},{"start":{"line":247,"column":42},"end":{"line":247,"column":70}},{"start":{"line":247,"column":74},"end":{"line":247,"column":107}}],"line":247},"19":{"loc":{"start":{"line":252,"column":6},"end":{"line":259,"column":7}},"type":"if","locations":[{"start":{"line":252,"column":6},"end":{"line":259,"column":7}},{"start":{},"end":{}}],"line":252},"20":{"loc":{"start":{"line":252,"column":10},"end":{"line":252,"column":77}},"type":"binary-expr","locations":[{"start":{"line":252,"column":10},"end":{"line":252,"column":41}},{"start":{"line":252,"column":45},"end":{"line":252,"column":77}}],"line":252},"21":{"loc":{"start":{"line":254,"column":8},"end":{"line":258,"column":9}},"type":"if","locations":[{"start":{"line":254,"column":8},"end":{"line":258,"column":9}},{"start":{},"end":{}}],"line":254},"22":{"loc":{"start":{"line":254,"column":12},"end":{"line":254,"column":77}},"type":"binary-expr","locations":[{"start":{"line":254,"column":12},"end":{"line":254,"column":40}},{"start":{"line":254,"column":44},"end":{"line":254,"column":77}}],"line":254},"23":{"loc":{"start":{"line":255,"column":10},"end":{"line":257,"column":11}},"type":"if","locations":[{"start":{"line":255,"column":10},"end":{"line":257,"column":11}},{"start":{},"end":{}}],"line":255},"24":{"loc":{"start":{"line":255,"column":14},"end":{"line":255,"column":105}},"type":"binary-expr","locations":[{"start":{"line":255,"column":14},"end":{"line":255,"column":55}},{"start":{"line":255,"column":59},"end":{"line":255,"column":105}}],"line":255},"25":{"loc":{"start":{"line":261,"column":6},"end":{"line":268,"column":7}},"type":"if","locations":[{"start":{"line":261,"column":6},"end":{"line":268,"column":7}},{"start":{},"end":{}}],"line":261},"26":{"loc":{"start":{"line":261,"column":10},"end":{"line":261,"column":61}},"type":"binary-expr","locations":[{"start":{"line":261,"column":10},"end":{"line":261,"column":25}},{"start":{"line":261,"column":29},"end":{"line":261,"column":61}}],"line":261},"27":{"loc":{"start":{"line":264,"column":10},"end":{"line":266,"column":11}},"type":"if","locations":[{"start":{"line":264,"column":10},"end":{"line":266,"column":11}},{"start":{},"end":{}}],"line":264},"28":{"loc":{"start":{"line":295,"column":6},"end":{"line":300,"column":7}},"type":"if","locations":[{"start":{"line":295,"column":6},"end":{"line":300,"column":7}},{"start":{},"end":{}}],"line":295},"29":{"loc":{"start":{"line":295,"column":10},"end":{"line":295,"column":70}},"type":"binary-expr","locations":[{"start":{"line":295,"column":10},"end":{"line":295,"column":37}},{"start":{"line":295,"column":41},"end":{"line":295,"column":70}}],"line":295},"30":{"loc":{"start":{"line":297,"column":10},"end":{"line":297,"column":80}},"type":"cond-expr","locations":[{"start":{"line":297,"column":29},"end":{"line":297,"column":54}},{"start":{"line":297,"column":57},"end":{"line":297,"column":80}}],"line":297},"31":{"loc":{"start":{"line":321,"column":17},"end":{"line":321,"column":211}},"type":"cond-expr","locations":[{"start":{"line":321,"column":48},"end":{"line":321,"column":76}},{"start":{"line":321,"column":79},"end":{"line":321,"column":211}}],"line":321},"32":{"loc":{"start":{"line":321,"column":79},"end":{"line":321,"column":211}},"type":"cond-expr","locations":[{"start":{"line":321,"column":112},"end":{"line":321,"column":142}},{"start":{"line":321,"column":145},"end":{"line":321,"column":211}}],"line":321},"33":{"loc":{"start":{"line":321,"column":145},"end":{"line":321,"column":211}},"type":"cond-expr","locations":[{"start":{"line":321,"column":174},"end":{"line":321,"column":200}},{"start":{"line":321,"column":203},"end":{"line":321,"column":211}}],"line":321},"34":{"loc":{"start":{"line":332,"column":6},"end":{"line":336,"column":7}},"type":"if","locations":[{"start":{"line":332,"column":6},"end":{"line":336,"column":7}},{"start":{},"end":{}}],"line":332},"35":{"loc":{"start":{"line":337,"column":6},"end":{"line":337,"column":90}},"type":"if","locations":[{"start":{"line":337,"column":6},"end":{"line":337,"column":90}},{"start":{},"end":{}}],"line":337},"36":{"loc":{"start":{"line":337,"column":10},"end":{"line":337,"column":61}},"type":"binary-expr","locations":[{"start":{"line":337,"column":10},"end":{"line":337,"column":36}},{"start":{"line":337,"column":40},"end":{"line":337,"column":61}}],"line":337},"37":{"loc":{"start":{"line":339,"column":6},"end":{"line":343,"column":7}},"type":"if","locations":[{"start":{"line":339,"column":6},"end":{"line":343,"column":7}},{"start":{},"end":{}}],"line":339},"38":{"loc":{"start":{"line":346,"column":6},"end":{"line":356,"column":7}},"type":"if","locations":[{"start":{"line":346,"column":6},"end":{"line":356,"column":7}},{"start":{},"end":{}}],"line":346},"39":{"loc":{"start":{"line":347,"column":8},"end":{"line":355,"column":9}},"type":"if","locations":[{"start":{"line":347,"column":8},"end":{"line":355,"column":9}},{"start":{},"end":{}}],"line":347},"40":{"loc":{"start":{"line":348,"column":10},"end":{"line":354,"column":11}},"type":"if","locations":[{"start":{"line":348,"column":10},"end":{"line":354,"column":11}},{"start":{},"end":{}}],"line":348},"41":{"loc":{"start":{"line":349,"column":12},"end":{"line":353,"column":13}},"type":"if","locations":[{"start":{"line":349,"column":12},"end":{"line":353,"column":13}},{"start":{},"end":{}}],"line":349},"42":{"loc":{"start":{"line":367,"column":8},"end":{"line":393,"column":9}},"type":"if","locations":[{"start":{"line":367,"column":8},"end":{"line":393,"column":9}},{"start":{"line":370,"column":15},"end":{"line":393,"column":9}}],"line":367},"43":{"loc":{"start":{"line":371,"column":10},"end":{"line":377,"column":11}},"type":"if","locations":[{"start":{"line":371,"column":10},"end":{"line":377,"column":11}},{"start":{},"end":{}}],"line":371},"44":{"loc":{"start":{"line":371,"column":14},"end":{"line":371,"column":113}},"type":"binary-expr","locations":[{"start":{"line":371,"column":14},"end":{"line":371,"column":54}},{"start":{"line":371,"column":58},"end":{"line":371,"column":113}}],"line":371},"45":{"loc":{"start":{"line":372,"column":12},"end":{"line":376,"column":13}},"type":"if","locations":[{"start":{"line":372,"column":12},"end":{"line":376,"column":13}},{"start":{},"end":{}}],"line":372},"46":{"loc":{"start":{"line":378,"column":10},"end":{"line":384,"column":11}},"type":"if","locations":[{"start":{"line":378,"column":10},"end":{"line":384,"column":11}},{"start":{},"end":{}}],"line":378},"47":{"loc":{"start":{"line":379,"column":12},"end":{"line":383,"column":13}},"type":"if","locations":[{"start":{"line":379,"column":12},"end":{"line":383,"column":13}},{"start":{},"end":{}}],"line":379},"48":{"loc":{"start":{"line":385,"column":10},"end":{"line":391,"column":11}},"type":"if","locations":[{"start":{"line":385,"column":10},"end":{"line":391,"column":11}},{"start":{},"end":{}}],"line":385},"49":{"loc":{"start":{"line":385,"column":14},"end":{"line":385,"column":98}},"type":"binary-expr","locations":[{"start":{"line":385,"column":14},"end":{"line":385,"column":54}},{"start":{"line":385,"column":58},"end":{"line":385,"column":98}}],"line":385},"50":{"loc":{"start":{"line":386,"column":12},"end":{"line":390,"column":13}},"type":"if","locations":[{"start":{"line":386,"column":12},"end":{"line":390,"column":13}},{"start":{},"end":{}}],"line":386},"51":{"loc":{"start":{"line":386,"column":16},"end":{"line":386,"column":115}},"type":"binary-expr","locations":[{"start":{"line":386,"column":16},"end":{"line":386,"column":43}},{"start":{"line":386,"column":47},"end":{"line":386,"column":78}},{"start":{"line":386,"column":82},"end":{"line":386,"column":115}}],"line":386},"52":{"loc":{"start":{"line":592,"column":8},"end":{"line":594,"column":9}},"type":"if","locations":[{"start":{"line":592,"column":8},"end":{"line":594,"column":9}},{"start":{},"end":{}}],"line":592},"53":{"loc":{"start":{"line":613,"column":6},"end":{"line":615,"column":7}},"type":"if","locations":[{"start":{"line":613,"column":6},"end":{"line":615,"column":7}},{"start":{},"end":{}}],"line":613},"54":{"loc":{"start":{"line":635,"column":8},"end":{"line":637,"column":9}},"type":"if","locations":[{"start":{"line":635,"column":8},"end":{"line":637,"column":9}},{"start":{},"end":{}}],"line":635},"55":{"loc":{"start":{"line":651,"column":4},"end":{"line":653,"column":5}},"type":"if","locations":[{"start":{"line":651,"column":4},"end":{"line":653,"column":5}},{"start":{},"end":{}}],"line":651}},"s":{"0":1,"1":1,"2":1,"3":1,"4":1,"5":1,"6":1,"7":1,"8":0,"9":0,"10":0,"11":0,"12":0,"13":0,"14":0,"15":0,"16":0,"17":0,"18":0,"19":0,"20":0,"21":0,"22":0,"23":0,"24":0,"25":0,"26":0,"27":0,"28":0,"29":0,"30":0,"31":0,"32":0,"33":0,"34":0,"35":0,"36":0,"37":0,"38":0,"39":0,"40":0,"41":0,"42":0,"43":0,"44":0,"45":0,"46":0,"47":0,"48":0,"49":0,"50":0,"51":0,"52":0,"53":0,"54":0,"55":0,"56":0,"57":0,"58":0,"59":0,"60":0,"61":0,"62":0,"63":0,"64":0,"65":0,"66":0,"67":0,"68":0,"69":0,"70":0,"71":0,"72":0,"73":0,"74":0,"75":0,"76":0,"77":0,"78":0,"79":0,"80":0,"81":0,"82":0,"83":0,"84":0,"85":0,"86":0,"87":0,"88":0,"89":0,"90":0,"91":0,"92":0,"93":0,"94":0,"95":0,"96":0,"97":0,"98":0,"99":0,"100":0,"101":0,"102":0,"103":0,"104":0,"105":0,"106":0,"107":0,"108":0,"109":0,"110":0,"111":0,"112":0,"113":0,"114":0,"115":0,"116":0,"117":0,"118":0,"119":0,"120":0,"121":0,"122":0,"123":0,"124":0,"125":0,"126":0,"127":0,"128":0,"129":0,"130":0,"131":0,"132":0,"133":0,"134":0,"135":0,"136":0,"137":0,"138":0,"139":0,"140":0,"141":0,"142":0,"143":0,"144":0,"145":0,"146":0,"147":0,"148":0,"149":0,"150":0,"151":0,"152":0,"153":0,"154":0,"155":0,"156":0,"157":0,"158":0,"159":0,"160":0,"161":0,"162":0,"163":0,"164":0,"165":0,"166":0,"167":0,"168":0,"169":0,"170":0,"171":0,"172":0,"173":0,"174":0,"175":0,"176":0,"177":0,"178":0,"179":0,"180":0,"181":0,"182":0,"183":1,"184":0,"185":0,"186":0,"187":0,"188":0,"189":0,"190":0,"191":0,"192":0,"193":0,"194":0,"195":0,"196":0,"197":0,"198":0,"199":0,"200":0,"201":0,"202":0,"203":0,"204":0,"205":0,"206":0,"207":0,"208":0,"209":0,"210":0,"211":0,"212":0,"213":1,"214":1,"215":1,"216":0,"217":1},"f":{"0":1,"1":0,"2":0,"3":0,"4":0,"5":0,"6":0,"7":0,"8":0,"9":0,"10":0,"11":0,"12":0,"13":0,"14":0,"15":0,"16":0,"17":0,"18":0,"19":0,"20":0,"21":0,"22":0,"23":0,"24":0,"25":0,"26":0,"27":0,"28":0,"29":1},"b":{"0":[0,0],"1":[0,0],"2":[0,0],"3":[0,0],"4":[0,0],"5":[0,0],"6":[0,0],"7":[0,0],"8":[0,0],"9":[0,0],"10":[0,0],"11":[0,0],"12":[0,0],"13":[0,0],"14":[0,0],"15":[0,0],"16":[0,0],"17":[0,0],"18":[0,0,0],"19":[0,0],"20":[0,0],"21":[0,0],"22":[0,0],"23":[0,0],"24":[0,0],"25":[0,0],"26":[0,0],"27":[0,0],"28":[0,0],"29":[0,0],"30":[0,0],"31":[0,0],"32":[0,0],"33":[0,0],"34":[0,0],"35":[0,0],"36":[0,0],"37":[0,0],"38":[0,0],"39":[0,0],"40":[0,0],"41":[0,0],"42":[0,0],"43":[0,0],"44":[0,0],"45":[0,0],"46":[0,0],"47":[0,0],"48":[0,0],"49":[0,0],"50":[0,0],"51":[0,0,0],"52":[0,0],"53":[0,0],"54":[0,0],"55":[1,0]},"_coverageSchema":"1a1c01bbd47fc00a2c39e90264f33305004495a9","hash":"395e70d10fb04f0194fcc1a0711b6f0e684b3670"}
,"/home/hhalse/OSP/Chrome-Ext-Webpack/src/components/DisplaySeo.jsx": {"path":"/home/hhalse/OSP/Chrome-Ext-Webpack/src/components/DisplaySeo.jsx","statementMap":{"0":{"start":{"line":3,"column":26},"end":{"line":15,"column":1}},"1":{"start":{"line":5,"column":13},"end":{"line":5,"column":39}},"2":{"start":{"line":6,"column":0},"end":{"line":6,"column":17}},"3":{"start":{"line":9,"column":0},"end":{"line":13,"column":1}}},"fnMap":{"0":{"name":"(anonymous_0)","decl":{"start":{"line":3,"column":26},"end":{"line":3,"column":27}},"loc":{"start":{"line":3,"column":48},"end":{"line":15,"column":1}},"line":3}},"branchMap":{},"s":{"0":1,"1":0,"2":0,"3":0},"f":{"0":0},"b":{},"_coverageSchema":"1a1c01bbd47fc00a2c39e90264f33305004495a9","hash":"18e29693f831004f224d10984ab748ebbc493304"}
,"/home/hhalse/OSP/Chrome-Ext-Webpack/src/components/MainUI.jsx": {"path":"/home/hhalse/OSP/Chrome-Ext-Webpack/src/components/MainUI.jsx","statementMap":{"0":{"start":{"line":7,"column":15},"end":{"line":70,"column":1}},"1":{"start":{"line":8,"column":2},"end":{"line":8,"column":20}},"2":{"start":{"line":9,"column":28},"end":{"line":12,"column":3}},"3":{"start":{"line":10,"column":4},"end":{"line":10,"column":24}},"4":{"start":{"line":11,"column":4},"end":{"line":11,"column":20}},"5":{"start":{"line":13,"column":33},"end":{"line":16,"column":3}},"6":{"start":{"line":14,"column":4},"end":{"line":14,"column":23}},"7":{"start":{"line":15,"column":4},"end":{"line":15,"column":30}},"8":{"start":{"line":18,"column":2},"end":{"line":69,"column":3}}},"fnMap":{"0":{"name":"(anonymous_0)","decl":{"start":{"line":7,"column":15},"end":{"line":7,"column":16}},"loc":{"start":{"line":7,"column":26},"end":{"line":70,"column":1}},"line":7},"1":{"name":"(anonymous_1)","decl":{"start":{"line":9,"column":28},"end":{"line":9,"column":29}},"loc":{"start":{"line":9,"column":34},"end":{"line":12,"column":3}},"line":9},"2":{"name":"(anonymous_2)","decl":{"start":{"line":13,"column":33},"end":{"line":13,"column":34}},"loc":{"start":{"line":13,"column":39},"end":{"line":16,"column":3}},"line":13}},"branchMap":{},"s":{"0":1,"1":1,"2":1,"3":0,"4":0,"5":1,"6":0,"7":0,"8":1},"f":{"0":1,"1":0,"2":0},"b":{},"_coverageSchema":"1a1c01bbd47fc00a2c39e90264f33305004495a9","hash":"51e518313e94027ce237e51461379b05f642066b"}
}
