{"/home/hhalse/OSP/Chrome-Ext-Webpack/src/background.js": {"path":"/home/hhalse/OSP/Chrome-Ext-Webpack/src/background.js","statementMap":{"0":{"start":{"line":6,"column":0},"end":{"line":14,"column":3}},"1":{"start":{"line":7,"column":2},"end":{"line":13,"column":5}},"2":{"start":{"line":8,"column":4},"end":{"line":8,"column":23}},"3":{"start":{"line":9,"column":22},"end":{"line":9,"column":24}},"4":{"start":{"line":10,"column":4},"end":{"line":10,"column":22}},"5":{"start":{"line":11,"column":4},"end":{"line":11,"column":37}},"6":{"start":{"line":12,"column":4},"end":{"line":12,"column":29}}},"fnMap":{"0":{"name":"(anonymous_0)","decl":{"start":{"line":6,"column":39},"end":{"line":6,"column":40}},"loc":{"start":{"line":6,"column":51},"end":{"line":14,"column":1}},"line":6},"1":{"name":"(anonymous_1)","decl":{"start":{"line":7,"column":63},"end":{"line":7,"column":64}},"loc":{"start":{"line":7,"column":78},"end":{"line":13,"column":3}},"line":7}},"branchMap":{},"s":{"0":0,"1":0,"2":0,"3":0,"4":0,"5":0,"6":0},"f":{"0":0,"1":0},"b":{}}
,"/home/hhalse/OSP/Chrome-Ext-Webpack/src/index.jsx": {"path":"/home/hhalse/OSP/Chrome-Ext-Webpack/src/index.jsx","statementMap":{"0":{"start":{"line":5,"column":18},"end":{"line":5,"column":49}},"1":{"start":{"line":6,"column":13},"end":{"line":6,"column":34}},"2":{"start":{"line":7,"column":0},"end":{"line":7,"column":19}}},"fnMap":{},"branchMap":{},"s":{"0":0,"1":0,"2":0},"f":{},"b":{}}
,"/home/hhalse/OSP/Chrome-Ext-Webpack/src/components/App.jsx": {"path":"/home/hhalse/OSP/Chrome-Ext-Webpack/src/components/App.jsx","statementMap":{"0":{"start":{"line":12,"column":36},"end":{"line":14,"column":4}},"1":{"start":{"line":16,"column":36},"end":{"line":16,"column":48}},"2":{"start":{"line":21,"column":18},"end":{"line":21,"column":43}},"3":{"start":{"line":22,"column":19},"end":{"line":22,"column":45}},"4":{"start":{"line":24,"column":19},"end":{"line":24,"column":64}},"5":{"start":{"line":25,"column":21},"end":{"line":25,"column":64}},"6":{"start":{"line":25,"column":48},"end":{"line":25,"column":51}},"7":{"start":{"line":25,"column":60},"end":{"line":25,"column":63}},"8":{"start":{"line":26,"column":15},"end":{"line":26,"column":17}},"9":{"start":{"line":27,"column":15},"end":{"line":27,"column":25}},"10":{"start":{"line":28,"column":17},"end":{"line":28,"column":45}},"11":{"start":{"line":30,"column":17},"end":{"line":30,"column":35}},"12":{"start":{"line":32,"column":4},"end":{"line":32,"column":21}},"13":{"start":{"line":33,"column":4},"end":{"line":33,"column":16}},"14":{"start":{"line":34,"column":4},"end":{"line":38,"column":7}},"15":{"start":{"line":35,"column":6},"end":{"line":35,"column":15}},"16":{"start":{"line":36,"column":6},"end":{"line":36,"column":31}},"17":{"start":{"line":37,"column":6},"end":{"line":37,"column":37}},"18":{"start":{"line":37,"column":19},"end":{"line":37,"column":37}},"19":{"start":{"line":40,"column":16},"end":{"line":42,"column":38}},"20":{"start":{"line":44,"column":18},"end":{"line":48,"column":32}},"21":{"start":{"line":50,"column":18},"end":{"line":52,"column":36}},"22":{"start":{"line":54,"column":18},"end":{"line":67,"column":28}},"23":{"start":{"line":71,"column":20},"end":{"line":71,"column":48}},"24":{"start":{"line":72,"column":20},"end":{"line":72,"column":32}},"25":{"start":{"line":75,"column":6},"end":{"line":75,"column":17}},"26":{"start":{"line":77,"column":17},"end":{"line":77,"column":21}},"27":{"start":{"line":78,"column":18},"end":{"line":78,"column":22}},"28":{"start":{"line":79,"column":6},"end":{"line":82,"column":9}},"29":{"start":{"line":80,"column":8},"end":{"line":80,"column":41}},"30":{"start":{"line":80,"column":29},"end":{"line":80,"column":41}},"31":{"start":{"line":81,"column":8},"end":{"line":81,"column":43}},"32":{"start":{"line":81,"column":30},"end":{"line":81,"column":43}},"33":{"start":{"line":84,"column":21},"end":{"line":84,"column":66}},"34":{"start":{"line":86,"column":25},"end":{"line":88,"column":48}},"35":{"start":{"line":90,"column":19},"end":{"line":122,"column":10}},"36":{"start":{"line":91,"column":26},"end":{"line":91,"column":30}},"37":{"start":{"line":93,"column":10},"end":{"line":93,"column":30}},"38":{"start":{"line":94,"column":10},"end":{"line":94,"column":38}},"39":{"start":{"line":95,"column":21},"end":{"line":95,"column":51}},"40":{"start":{"line":96,"column":28},"end":{"line":96,"column":30}},"41":{"start":{"line":97,"column":10},"end":{"line":104,"column":11}},"42":{"start":{"line":97,"column":33},"end":{"line":97,"column":70}},"43":{"start":{"line":99,"column":12},"end":{"line":103,"column":14}},"44":{"start":{"line":100,"column":14},"end":{"line":102,"column":15}},"45":{"start":{"line":101,"column":16},"end":{"line":101,"column":50}},"46":{"start":{"line":105,"column":26},"end":{"line":105,"column":48}},"47":{"start":{"line":107,"column":10},"end":{"line":114,"column":37}},"48":{"start":{"line":115,"column":10},"end":{"line":115,"column":35}},"49":{"start":{"line":118,"column":10},"end":{"line":121,"column":32}},"50":{"start":{"line":124,"column":24},"end":{"line":131,"column":10}},"51":{"start":{"line":125,"column":32},"end":{"line":125,"column":70}},"52":{"start":{"line":129,"column":10},"end":{"line":129,"column":55}},"53":{"start":{"line":130,"column":10},"end":{"line":130,"column":20}},"54":{"start":{"line":133,"column":6},"end":{"line":136,"column":34}},"55":{"start":{"line":135,"column":27},"end":{"line":135,"column":93}},"56":{"start":{"line":138,"column":6},"end":{"line":146,"column":33}},"57":{"start":{"line":140,"column":24},"end":{"line":140,"column":44}},"58":{"start":{"line":141,"column":34},"end":{"line":141,"column":63}},"59":{"start":{"line":142,"column":19},"end":{"line":142,"column":30}},"60":{"start":{"line":149,"column":25},"end":{"line":152,"column":34}},"61":{"start":{"line":150,"column":32},"end":{"line":150,"column":58}},"62":{"start":{"line":155,"column":23},"end":{"line":158,"column":34}},"63":{"start":{"line":156,"column":32},"end":{"line":156,"column":68}},"64":{"start":{"line":161,"column":19},"end":{"line":162,"column":38}},"65":{"start":{"line":162,"column":26},"end":{"line":162,"column":37}},"66":{"start":{"line":165,"column":24},"end":{"line":170,"column":10}},"67":{"start":{"line":168,"column":20},"end":{"line":168,"column":50}},"68":{"start":{"line":169,"column":10},"end":{"line":169,"column":52}},"69":{"start":{"line":173,"column":6},"end":{"line":174,"column":29}},"70":{"start":{"line":177,"column":6},"end":{"line":181,"column":11}},"71":{"start":{"line":179,"column":20},"end":{"line":179,"column":48}},"72":{"start":{"line":180,"column":10},"end":{"line":180,"column":52}},"73":{"start":{"line":184,"column":6},"end":{"line":187,"column":9}},"74":{"start":{"line":185,"column":8},"end":{"line":185,"column":19}},"75":{"start":{"line":186,"column":8},"end":{"line":186,"column":19}},"76":{"start":{"line":190,"column":4},"end":{"line":190,"column":17}},"77":{"start":{"line":196,"column":18},"end":{"line":196,"column":80}},"78":{"start":{"line":197,"column":4},"end":{"line":206,"column":7}},"79":{"start":{"line":202,"column":24},"end":{"line":202,"column":50}},"80":{"start":{"line":203,"column":6},"end":{"line":203,"column":28}},"81":{"start":{"line":204,"column":25},"end":{"line":204,"column":55}},"82":{"start":{"line":205,"column":6},"end":{"line":205,"column":30}},"83":{"start":{"line":215,"column":17},"end":{"line":215,"column":246}},"84":{"start":{"line":217,"column":17},"end":{"line":217,"column":48}},"85":{"start":{"line":218,"column":17},"end":{"line":218,"column":33}},"86":{"start":{"line":219,"column":20},"end":{"line":219,"column":22}},"87":{"start":{"line":220,"column":19},"end":{"line":220,"column":21}},"88":{"start":{"line":223,"column":18},"end":{"line":223,"column":65}},"89":{"start":{"line":224,"column":4},"end":{"line":303,"column":5}},"90":{"start":{"line":226,"column":41},"end":{"line":226,"column":54}},"91":{"start":{"line":227,"column":6},"end":{"line":227,"column":24}},"92":{"start":{"line":228,"column":6},"end":{"line":228,"column":43}},"93":{"start":{"line":229,"column":6},"end":{"line":233,"column":7}},"94":{"start":{"line":230,"column":8},"end":{"line":230,"column":25}},"95":{"start":{"line":232,"column":8},"end":{"line":232,"column":34}},"96":{"start":{"line":235,"column":21},"end":{"line":235,"column":26}},"97":{"start":{"line":236,"column":20},"end":{"line":236,"column":44}},"98":{"start":{"line":237,"column":6},"end":{"line":237,"column":49}},"99":{"start":{"line":238,"column":6},"end":{"line":238,"column":46}},"100":{"start":{"line":240,"column":6},"end":{"line":240,"column":54}},"101":{"start":{"line":240,"column":31},"end":{"line":240,"column":54}},"102":{"start":{"line":241,"column":6},"end":{"line":241,"column":42}},"103":{"start":{"line":241,"column":25},"end":{"line":241,"column":42}},"104":{"start":{"line":248,"column":6},"end":{"line":248,"column":59}},"105":{"start":{"line":248,"column":28},"end":{"line":248,"column":59}},"106":{"start":{"line":249,"column":6},"end":{"line":251,"column":7}},"107":{"start":{"line":250,"column":8},"end":{"line":250,"column":56}},"108":{"start":{"line":254,"column":6},"end":{"line":261,"column":7}},"109":{"start":{"line":255,"column":20},"end":{"line":255,"column":52}},"110":{"start":{"line":256,"column":8},"end":{"line":260,"column":9}},"111":{"start":{"line":257,"column":10},"end":{"line":259,"column":11}},"112":{"start":{"line":258,"column":12},"end":{"line":258,"column":75}},"113":{"start":{"line":262,"column":19},"end":{"line":262,"column":39}},"114":{"start":{"line":263,"column":6},"end":{"line":270,"column":7}},"115":{"start":{"line":264,"column":25},"end":{"line":264,"column":54}},"116":{"start":{"line":265,"column":8},"end":{"line":269,"column":9}},"117":{"start":{"line":265,"column":21},"end":{"line":265,"column":22}},"118":{"start":{"line":266,"column":10},"end":{"line":268,"column":11}},"119":{"start":{"line":267,"column":12},"end":{"line":267,"column":75}},"120":{"start":{"line":297,"column":6},"end":{"line":302,"column":7}},"121":{"start":{"line":298,"column":8},"end":{"line":301,"column":9}},"122":{"start":{"line":298,"column":21},"end":{"line":298,"column":22}},"123":{"start":{"line":299,"column":10},"end":{"line":299,"column":80}},"124":{"start":{"line":300,"column":10},"end":{"line":300,"column":104}},"125":{"start":{"line":304,"column":4},"end":{"line":304,"column":18}},"126":{"start":{"line":309,"column":23},"end":{"line":309,"column":85}},"127":{"start":{"line":312,"column":20},"end":{"line":312,"column":40}},"128":{"start":{"line":315,"column":4},"end":{"line":315,"column":41}},"129":{"start":{"line":316,"column":4},"end":{"line":316,"column":50}},"130":{"start":{"line":317,"column":4},"end":{"line":317,"column":23}},"131":{"start":{"line":318,"column":19},"end":{"line":318,"column":34}},"132":{"start":{"line":319,"column":16},"end":{"line":319,"column":73}},"133":{"start":{"line":320,"column":4},"end":{"line":320,"column":20}},"134":{"start":{"line":323,"column":17},"end":{"line":323,"column":211}},"135":{"start":{"line":324,"column":17},"end":{"line":324,"column":43}},"136":{"start":{"line":325,"column":4},"end":{"line":325,"column":21}},"137":{"start":{"line":328,"column":18},"end":{"line":328,"column":68}},"138":{"start":{"line":329,"column":4},"end":{"line":397,"column":5}},"139":{"start":{"line":331,"column":32},"end":{"line":331,"column":45}},"140":{"start":{"line":333,"column":23},"end":{"line":333,"column":37}},"141":{"start":{"line":334,"column":6},"end":{"line":338,"column":7}},"142":{"start":{"line":335,"column":8},"end":{"line":335,"column":42}},"143":{"start":{"line":336,"column":8},"end":{"line":336,"column":173}},"144":{"start":{"line":337,"column":8},"end":{"line":337,"column":16}},"145":{"start":{"line":339,"column":6},"end":{"line":339,"column":90}},"146":{"start":{"line":339,"column":63},"end":{"line":339,"column":90}},"147":{"start":{"line":341,"column":6},"end":{"line":345,"column":7}},"148":{"start":{"line":342,"column":8},"end":{"line":342,"column":41}},"149":{"start":{"line":343,"column":8},"end":{"line":343,"column":98}},"150":{"start":{"line":344,"column":8},"end":{"line":344,"column":95}},"151":{"start":{"line":348,"column":6},"end":{"line":358,"column":7}},"152":{"start":{"line":349,"column":8},"end":{"line":357,"column":9}},"153":{"start":{"line":350,"column":10},"end":{"line":356,"column":11}},"154":{"start":{"line":351,"column":12},"end":{"line":355,"column":13}},"155":{"start":{"line":352,"column":14},"end":{"line":352,"column":47}},"156":{"start":{"line":353,"column":14},"end":{"line":353,"column":150}},"157":{"start":{"line":363,"column":19},"end":{"line":363,"column":20}},"158":{"start":{"line":364,"column":24},"end":{"line":364,"column":39}},"159":{"start":{"line":366,"column":6},"end":{"line":396,"column":7}},"160":{"start":{"line":366,"column":19},"end":{"line":366,"column":20}},"161":{"start":{"line":367,"column":35},"end":{"line":367,"column":56}},"162":{"start":{"line":368,"column":34},"end":{"line":368,"column":47}},"163":{"start":{"line":369,"column":8},"end":{"line":395,"column":9}},"164":{"start":{"line":370,"column":10},"end":{"line":370,"column":18}},"165":{"start":{"line":371,"column":10},"end":{"line":371,"column":18}},"166":{"start":{"line":373,"column":10},"end":{"line":379,"column":11}},"167":{"start":{"line":374,"column":12},"end":{"line":378,"column":13}},"168":{"start":{"line":375,"column":14},"end":{"line":375,"column":47}},"169":{"start":{"line":376,"column":14},"end":{"line":376,"column":96}},"170":{"start":{"line":377,"column":14},"end":{"line":377,"column":100}},"171":{"start":{"line":380,"column":10},"end":{"line":386,"column":11}},"172":{"start":{"line":381,"column":12},"end":{"line":385,"column":13}},"173":{"start":{"line":382,"column":14},"end":{"line":382,"column":47}},"174":{"start":{"line":383,"column":14},"end":{"line":383,"column":95}},"175":{"start":{"line":384,"column":14},"end":{"line":384,"column":101}},"176":{"start":{"line":387,"column":10},"end":{"line":393,"column":11}},"177":{"start":{"line":388,"column":12},"end":{"line":392,"column":13}},"178":{"start":{"line":389,"column":14},"end":{"line":389,"column":47}},"179":{"start":{"line":390,"column":14},"end":{"line":390,"column":131}},"180":{"start":{"line":391,"column":14},"end":{"line":391,"column":105}},"181":{"start":{"line":394,"column":10},"end":{"line":394,"column":83}},"182":{"start":{"line":398,"column":4},"end":{"line":398,"column":28}},"183":{"start":{"line":399,"column":4},"end":{"line":399,"column":30}},"184":{"start":{"line":400,"column":4},"end":{"line":400,"column":22}},"185":{"start":{"line":472,"column":2},"end":{"line":479,"column":1}}},"fnMap":{"0":{"name":"App","decl":{"start":{"line":9,"column":24},"end":{"line":9,"column":27}},"loc":{"start":{"line":9,"column":30},"end":{"line":480,"column":1}},"line":9},"1":{"name":"treeGenerator","decl":{"start":{"line":19,"column":11},"end":{"line":19,"column":24}},"loc":{"start":{"line":19,"column":31},"end":{"line":192,"column":3}},"line":19},"2":{"name":"(anonymous_2)","decl":{"start":{"line":25,"column":43},"end":{"line":25,"column":44}},"loc":{"start":{"line":25,"column":48},"end":{"line":25,"column":51}},"line":25},"3":{"name":"(anonymous_3)","decl":{"start":{"line":25,"column":55},"end":{"line":25,"column":56}},"loc":{"start":{"line":25,"column":60},"end":{"line":25,"column":63}},"line":25},"4":{"name":"(anonymous_4)","decl":{"start":{"line":34,"column":31},"end":{"line":34,"column":32}},"loc":{"start":{"line":34,"column":41},"end":{"line":38,"column":5}},"line":34},"5":{"name":"update","decl":{"start":{"line":69,"column":13},"end":{"line":69,"column":19}},"loc":{"start":{"line":69,"column":28},"end":{"line":188,"column":5}},"line":69},"6":{"name":"(anonymous_6)","decl":{"start":{"line":79,"column":22},"end":{"line":79,"column":23}},"loc":{"start":{"line":79,"column":30},"end":{"line":82,"column":7}},"line":79},"7":{"name":"(anonymous_7)","decl":{"start":{"line":91,"column":21},"end":{"line":91,"column":22}},"loc":{"start":{"line":91,"column":26},"end":{"line":91,"column":30}},"line":91},"8":{"name":"(anonymous_8)","decl":{"start":{"line":92,"column":25},"end":{"line":92,"column":26}},"loc":{"start":{"line":92,"column":48},"end":{"line":116,"column":9}},"line":92},"9":{"name":"(anonymous_9)","decl":{"start":{"line":99,"column":25},"end":{"line":99,"column":26}},"loc":{"start":{"line":99,"column":32},"end":{"line":103,"column":13}},"line":99},"10":{"name":"(anonymous_10)","decl":{"start":{"line":117,"column":24},"end":{"line":117,"column":25}},"loc":{"start":{"line":117,"column":37},"end":{"line":122,"column":9}},"line":117},"11":{"name":"(anonymous_11)","decl":{"start":{"line":125,"column":27},"end":{"line":125,"column":28}},"loc":{"start":{"line":125,"column":32},"end":{"line":125,"column":70}},"line":125},"12":{"name":"(anonymous_12)","decl":{"start":{"line":128,"column":21},"end":{"line":128,"column":22}},"loc":{"start":{"line":128,"column":35},"end":{"line":131,"column":9}},"line":128},"13":{"name":"(anonymous_13)","decl":{"start":{"line":135,"column":22},"end":{"line":135,"column":23}},"loc":{"start":{"line":135,"column":27},"end":{"line":135,"column":93}},"line":135},"14":{"name":"(anonymous_14)","decl":{"start":{"line":140,"column":19},"end":{"line":140,"column":20}},"loc":{"start":{"line":140,"column":24},"end":{"line":140,"column":44}},"line":140},"15":{"name":"(anonymous_15)","decl":{"start":{"line":141,"column":29},"end":{"line":141,"column":30}},"loc":{"start":{"line":141,"column":34},"end":{"line":141,"column":63}},"line":141},"16":{"name":"(anonymous_16)","decl":{"start":{"line":142,"column":14},"end":{"line":142,"column":15}},"loc":{"start":{"line":142,"column":19},"end":{"line":142,"column":30}},"line":142},"17":{"name":"(anonymous_17)","decl":{"start":{"line":150,"column":27},"end":{"line":150,"column":28}},"loc":{"start":{"line":150,"column":32},"end":{"line":150,"column":58}},"line":150},"18":{"name":"(anonymous_18)","decl":{"start":{"line":156,"column":27},"end":{"line":156,"column":28}},"loc":{"start":{"line":156,"column":32},"end":{"line":156,"column":68}},"line":156},"19":{"name":"(anonymous_19)","decl":{"start":{"line":162,"column":21},"end":{"line":162,"column":22}},"loc":{"start":{"line":162,"column":26},"end":{"line":162,"column":37}},"line":162},"20":{"name":"(anonymous_20)","decl":{"start":{"line":166,"column":19},"end":{"line":166,"column":20}},"loc":{"start":{"line":166,"column":24},"end":{"line":170,"column":9}},"line":166},"21":{"name":"(anonymous_21)","decl":{"start":{"line":178,"column":19},"end":{"line":178,"column":20}},"loc":{"start":{"line":178,"column":24},"end":{"line":181,"column":9}},"line":178},"22":{"name":"(anonymous_22)","decl":{"start":{"line":184,"column":22},"end":{"line":184,"column":23}},"loc":{"start":{"line":184,"column":27},"end":{"line":187,"column":7}},"line":184},"23":{"name":"injectFunction","decl":{"start":{"line":195,"column":17},"end":{"line":195,"column":31}},"loc":{"start":{"line":195,"column":34},"end":{"line":207,"column":3}},"line":195},"24":{"name":"(anonymous_24)","decl":{"start":{"line":201,"column":7},"end":{"line":201,"column":8}},"loc":{"start":{"line":201,"column":35},"end":{"line":206,"column":5}},"line":201},"25":{"name":"grabTreeFromBrowser","decl":{"start":{"line":213,"column":11},"end":{"line":213,"column":30}},"loc":{"start":{"line":213,"column":33},"end":{"line":305,"column":3}},"line":213},"26":{"name":"runComparison","decl":{"start":{"line":307,"column":17},"end":{"line":307,"column":30}},"loc":{"start":{"line":307,"column":44},"end":{"line":401,"column":3}},"line":307}},"branchMap":{"0":{"loc":{"start":{"line":37,"column":6},"end":{"line":37,"column":37}},"type":"if","locations":[{"start":{"line":37,"column":6},"end":{"line":37,"column":37}},{"start":{},"end":{}}],"line":37},"1":{"loc":{"start":{"line":80,"column":8},"end":{"line":80,"column":41}},"type":"if","locations":[{"start":{"line":80,"column":8},"end":{"line":80,"column":41}},{"start":{},"end":{}}],"line":80},"2":{"loc":{"start":{"line":81,"column":8},"end":{"line":81,"column":43}},"type":"if","locations":[{"start":{"line":81,"column":8},"end":{"line":81,"column":43}},{"start":{},"end":{}}],"line":81},"3":{"loc":{"start":{"line":97,"column":10},"end":{"line":104,"column":11}},"type":"if","locations":[{"start":{"line":97,"column":10},"end":{"line":104,"column":11}},{"start":{"line":98,"column":15},"end":{"line":104,"column":11}}],"line":97},"4":{"loc":{"start":{"line":100,"column":14},"end":{"line":102,"column":15}},"type":"if","locations":[{"start":{"line":100,"column":14},"end":{"line":102,"column":15}},{"start":{},"end":{}}],"line":100},"5":{"loc":{"start":{"line":100,"column":18},"end":{"line":100,"column":53}},"type":"binary-expr","locations":[{"start":{"line":100,"column":18},"end":{"line":100,"column":33}},{"start":{"line":100,"column":37},"end":{"line":100,"column":53}}],"line":100},"6":{"loc":{"start":{"line":129,"column":23},"end":{"line":129,"column":54}},"type":"cond-expr","locations":[{"start":{"line":129,"column":36},"end":{"line":129,"column":40}},{"start":{"line":129,"column":43},"end":{"line":129,"column":54}}],"line":129},"7":{"loc":{"start":{"line":135,"column":27},"end":{"line":135,"column":93}},"type":"cond-expr","locations":[{"start":{"line":135,"column":55},"end":{"line":135,"column":60}},{"start":{"line":135,"column":63},"end":{"line":135,"column":93}}],"line":135},"8":{"loc":{"start":{"line":135,"column":63},"end":{"line":135,"column":93}},"type":"cond-expr","locations":[{"start":{"line":135,"column":77},"end":{"line":135,"column":84}},{"start":{"line":135,"column":87},"end":{"line":135,"column":93}}],"line":135},"9":{"loc":{"start":{"line":140,"column":24},"end":{"line":140,"column":44}},"type":"cond-expr","locations":[{"start":{"line":140,"column":38},"end":{"line":140,"column":40}},{"start":{"line":140,"column":43},"end":{"line":140,"column":44}}],"line":140},"10":{"loc":{"start":{"line":141,"column":34},"end":{"line":141,"column":63}},"type":"cond-expr","locations":[{"start":{"line":141,"column":48},"end":{"line":141,"column":53}},{"start":{"line":141,"column":56},"end":{"line":141,"column":63}}],"line":141},"11":{"loc":{"start":{"line":215,"column":17},"end":{"line":215,"column":246}},"type":"cond-expr","locations":[{"start":{"line":215,"column":53},"end":{"line":215,"column":86}},{"start":{"line":215,"column":89},"end":{"line":215,"column":246}}],"line":215},"12":{"loc":{"start":{"line":215,"column":89},"end":{"line":215,"column":246}},"type":"cond-expr","locations":[{"start":{"line":215,"column":127},"end":{"line":215,"column":162}},{"start":{"line":215,"column":165},"end":{"line":215,"column":246}}],"line":215},"13":{"loc":{"start":{"line":215,"column":165},"end":{"line":215,"column":246}},"type":"cond-expr","locations":[{"start":{"line":215,"column":199},"end":{"line":215,"column":230}},{"start":{"line":215,"column":233},"end":{"line":215,"column":246}}],"line":215},"14":{"loc":{"start":{"line":229,"column":6},"end":{"line":233,"column":7}},"type":"if","locations":[{"start":{"line":229,"column":6},"end":{"line":233,"column":7}},{"start":{"line":231,"column":13},"end":{"line":233,"column":7}}],"line":229},"15":{"loc":{"start":{"line":240,"column":6},"end":{"line":240,"column":54}},"type":"if","locations":[{"start":{"line":240,"column":6},"end":{"line":240,"column":54}},{"start":{},"end":{}}],"line":240},"16":{"loc":{"start":{"line":241,"column":6},"end":{"line":241,"column":42}},"type":"if","locations":[{"start":{"line":241,"column":6},"end":{"line":241,"column":42}},{"start":{},"end":{}}],"line":241},"17":{"loc":{"start":{"line":248,"column":6},"end":{"line":248,"column":59}},"type":"if","locations":[{"start":{"line":248,"column":6},"end":{"line":248,"column":59}},{"start":{},"end":{}}],"line":248},"18":{"loc":{"start":{"line":249,"column":6},"end":{"line":251,"column":7}},"type":"if","locations":[{"start":{"line":249,"column":6},"end":{"line":251,"column":7}},{"start":{},"end":{}}],"line":249},"19":{"loc":{"start":{"line":249,"column":10},"end":{"line":249,"column":107}},"type":"binary-expr","locations":[{"start":{"line":249,"column":10},"end":{"line":249,"column":38}},{"start":{"line":249,"column":42},"end":{"line":249,"column":70}},{"start":{"line":249,"column":74},"end":{"line":249,"column":107}}],"line":249},"20":{"loc":{"start":{"line":254,"column":6},"end":{"line":261,"column":7}},"type":"if","locations":[{"start":{"line":254,"column":6},"end":{"line":261,"column":7}},{"start":{},"end":{}}],"line":254},"21":{"loc":{"start":{"line":254,"column":10},"end":{"line":254,"column":77}},"type":"binary-expr","locations":[{"start":{"line":254,"column":10},"end":{"line":254,"column":41}},{"start":{"line":254,"column":45},"end":{"line":254,"column":77}}],"line":254},"22":{"loc":{"start":{"line":256,"column":8},"end":{"line":260,"column":9}},"type":"if","locations":[{"start":{"line":256,"column":8},"end":{"line":260,"column":9}},{"start":{},"end":{}}],"line":256},"23":{"loc":{"start":{"line":256,"column":12},"end":{"line":256,"column":77}},"type":"binary-expr","locations":[{"start":{"line":256,"column":12},"end":{"line":256,"column":40}},{"start":{"line":256,"column":44},"end":{"line":256,"column":77}}],"line":256},"24":{"loc":{"start":{"line":257,"column":10},"end":{"line":259,"column":11}},"type":"if","locations":[{"start":{"line":257,"column":10},"end":{"line":259,"column":11}},{"start":{},"end":{}}],"line":257},"25":{"loc":{"start":{"line":257,"column":14},"end":{"line":257,"column":105}},"type":"binary-expr","locations":[{"start":{"line":257,"column":14},"end":{"line":257,"column":55}},{"start":{"line":257,"column":59},"end":{"line":257,"column":105}}],"line":257},"26":{"loc":{"start":{"line":263,"column":6},"end":{"line":270,"column":7}},"type":"if","locations":[{"start":{"line":263,"column":6},"end":{"line":270,"column":7}},{"start":{},"end":{}}],"line":263},"27":{"loc":{"start":{"line":263,"column":10},"end":{"line":263,"column":61}},"type":"binary-expr","locations":[{"start":{"line":263,"column":10},"end":{"line":263,"column":25}},{"start":{"line":263,"column":29},"end":{"line":263,"column":61}}],"line":263},"28":{"loc":{"start":{"line":266,"column":10},"end":{"line":268,"column":11}},"type":"if","locations":[{"start":{"line":266,"column":10},"end":{"line":268,"column":11}},{"start":{},"end":{}}],"line":266},"29":{"loc":{"start":{"line":297,"column":6},"end":{"line":302,"column":7}},"type":"if","locations":[{"start":{"line":297,"column":6},"end":{"line":302,"column":7}},{"start":{},"end":{}}],"line":297},"30":{"loc":{"start":{"line":297,"column":10},"end":{"line":297,"column":70}},"type":"binary-expr","locations":[{"start":{"line":297,"column":10},"end":{"line":297,"column":37}},{"start":{"line":297,"column":41},"end":{"line":297,"column":70}}],"line":297},"31":{"loc":{"start":{"line":299,"column":10},"end":{"line":299,"column":80}},"type":"cond-expr","locations":[{"start":{"line":299,"column":29},"end":{"line":299,"column":54}},{"start":{"line":299,"column":57},"end":{"line":299,"column":80}}],"line":299},"32":{"loc":{"start":{"line":323,"column":17},"end":{"line":323,"column":211}},"type":"cond-expr","locations":[{"start":{"line":323,"column":48},"end":{"line":323,"column":76}},{"start":{"line":323,"column":79},"end":{"line":323,"column":211}}],"line":323},"33":{"loc":{"start":{"line":323,"column":79},"end":{"line":323,"column":211}},"type":"cond-expr","locations":[{"start":{"line":323,"column":112},"end":{"line":323,"column":142}},{"start":{"line":323,"column":145},"end":{"line":323,"column":211}}],"line":323},"34":{"loc":{"start":{"line":323,"column":145},"end":{"line":323,"column":211}},"type":"cond-expr","locations":[{"start":{"line":323,"column":174},"end":{"line":323,"column":200}},{"start":{"line":323,"column":203},"end":{"line":323,"column":211}}],"line":323},"35":{"loc":{"start":{"line":334,"column":6},"end":{"line":338,"column":7}},"type":"if","locations":[{"start":{"line":334,"column":6},"end":{"line":338,"column":7}},{"start":{},"end":{}}],"line":334},"36":{"loc":{"start":{"line":339,"column":6},"end":{"line":339,"column":90}},"type":"if","locations":[{"start":{"line":339,"column":6},"end":{"line":339,"column":90}},{"start":{},"end":{}}],"line":339},"37":{"loc":{"start":{"line":339,"column":10},"end":{"line":339,"column":61}},"type":"binary-expr","locations":[{"start":{"line":339,"column":10},"end":{"line":339,"column":36}},{"start":{"line":339,"column":40},"end":{"line":339,"column":61}}],"line":339},"38":{"loc":{"start":{"line":341,"column":6},"end":{"line":345,"column":7}},"type":"if","locations":[{"start":{"line":341,"column":6},"end":{"line":345,"column":7}},{"start":{},"end":{}}],"line":341},"39":{"loc":{"start":{"line":348,"column":6},"end":{"line":358,"column":7}},"type":"if","locations":[{"start":{"line":348,"column":6},"end":{"line":358,"column":7}},{"start":{},"end":{}}],"line":348},"40":{"loc":{"start":{"line":349,"column":8},"end":{"line":357,"column":9}},"type":"if","locations":[{"start":{"line":349,"column":8},"end":{"line":357,"column":9}},{"start":{},"end":{}}],"line":349},"41":{"loc":{"start":{"line":350,"column":10},"end":{"line":356,"column":11}},"type":"if","locations":[{"start":{"line":350,"column":10},"end":{"line":356,"column":11}},{"start":{},"end":{}}],"line":350},"42":{"loc":{"start":{"line":351,"column":12},"end":{"line":355,"column":13}},"type":"if","locations":[{"start":{"line":351,"column":12},"end":{"line":355,"column":13}},{"start":{},"end":{}}],"line":351},"43":{"loc":{"start":{"line":369,"column":8},"end":{"line":395,"column":9}},"type":"if","locations":[{"start":{"line":369,"column":8},"end":{"line":395,"column":9}},{"start":{"line":372,"column":15},"end":{"line":395,"column":9}}],"line":369},"44":{"loc":{"start":{"line":373,"column":10},"end":{"line":379,"column":11}},"type":"if","locations":[{"start":{"line":373,"column":10},"end":{"line":379,"column":11}},{"start":{},"end":{}}],"line":373},"45":{"loc":{"start":{"line":373,"column":14},"end":{"line":373,"column":113}},"type":"binary-expr","locations":[{"start":{"line":373,"column":14},"end":{"line":373,"column":54}},{"start":{"line":373,"column":58},"end":{"line":373,"column":113}}],"line":373},"46":{"loc":{"start":{"line":374,"column":12},"end":{"line":378,"column":13}},"type":"if","locations":[{"start":{"line":374,"column":12},"end":{"line":378,"column":13}},{"start":{},"end":{}}],"line":374},"47":{"loc":{"start":{"line":380,"column":10},"end":{"line":386,"column":11}},"type":"if","locations":[{"start":{"line":380,"column":10},"end":{"line":386,"column":11}},{"start":{},"end":{}}],"line":380},"48":{"loc":{"start":{"line":381,"column":12},"end":{"line":385,"column":13}},"type":"if","locations":[{"start":{"line":381,"column":12},"end":{"line":385,"column":13}},{"start":{},"end":{}}],"line":381},"49":{"loc":{"start":{"line":387,"column":10},"end":{"line":393,"column":11}},"type":"if","locations":[{"start":{"line":387,"column":10},"end":{"line":393,"column":11}},{"start":{},"end":{}}],"line":387},"50":{"loc":{"start":{"line":387,"column":14},"end":{"line":387,"column":98}},"type":"binary-expr","locations":[{"start":{"line":387,"column":14},"end":{"line":387,"column":54}},{"start":{"line":387,"column":58},"end":{"line":387,"column":98}}],"line":387},"51":{"loc":{"start":{"line":388,"column":12},"end":{"line":392,"column":13}},"type":"if","locations":[{"start":{"line":388,"column":12},"end":{"line":392,"column":13}},{"start":{},"end":{}}],"line":388},"52":{"loc":{"start":{"line":388,"column":16},"end":{"line":388,"column":115}},"type":"binary-expr","locations":[{"start":{"line":388,"column":16},"end":{"line":388,"column":43}},{"start":{"line":388,"column":47},"end":{"line":388,"column":78}},{"start":{"line":388,"column":82},"end":{"line":388,"column":115}}],"line":388}},"s":{"0":0,"1":0,"2":0,"3":0,"4":0,"5":0,"6":0,"7":0,"8":0,"9":0,"10":0,"11":0,"12":0,"13":0,"14":0,"15":0,"16":0,"17":0,"18":0,"19":0,"20":0,"21":0,"22":0,"23":0,"24":0,"25":0,"26":0,"27":0,"28":0,"29":0,"30":0,"31":0,"32":0,"33":0,"34":0,"35":0,"36":0,"37":0,"38":0,"39":0,"40":0,"41":0,"42":0,"43":0,"44":0,"45":0,"46":0,"47":0,"48":0,"49":0,"50":0,"51":0,"52":0,"53":0,"54":0,"55":0,"56":0,"57":0,"58":0,"59":0,"60":0,"61":0,"62":0,"63":0,"64":0,"65":0,"66":0,"67":0,"68":0,"69":0,"70":0,"71":0,"72":0,"73":0,"74":0,"75":0,"76":0,"77":0,"78":0,"79":0,"80":0,"81":0,"82":0,"83":0,"84":0,"85":0,"86":0,"87":0,"88":0,"89":0,"90":0,"91":0,"92":0,"93":0,"94":0,"95":0,"96":0,"97":0,"98":0,"99":0,"100":0,"101":0,"102":0,"103":0,"104":0,"105":0,"106":0,"107":0,"108":0,"109":0,"110":0,"111":0,"112":0,"113":0,"114":0,"115":0,"116":0,"117":0,"118":0,"119":0,"120":0,"121":0,"122":0,"123":0,"124":0,"125":0,"126":0,"127":0,"128":0,"129":0,"130":0,"131":0,"132":0,"133":0,"134":0,"135":0,"136":0,"137":0,"138":0,"139":0,"140":0,"141":0,"142":0,"143":0,"144":0,"145":0,"146":0,"147":0,"148":0,"149":0,"150":0,"151":0,"152":0,"153":0,"154":0,"155":0,"156":0,"157":0,"158":0,"159":0,"160":0,"161":0,"162":0,"163":0,"164":0,"165":0,"166":0,"167":0,"168":0,"169":0,"170":0,"171":0,"172":0,"173":0,"174":0,"175":0,"176":0,"177":0,"178":0,"179":0,"180":0,"181":0,"182":0,"183":0,"184":0,"185":0},"f":{"0":0,"1":0,"2":0,"3":0,"4":0,"5":0,"6":0,"7":0,"8":0,"9":0,"10":0,"11":0,"12":0,"13":0,"14":0,"15":0,"16":0,"17":0,"18":0,"19":0,"20":0,"21":0,"22":0,"23":0,"24":0,"25":0,"26":0},"b":{"0":[0,0],"1":[0,0],"2":[0,0],"3":[0,0],"4":[0,0],"5":[0,0],"6":[0,0],"7":[0,0],"8":[0,0],"9":[0,0],"10":[0,0],"11":[0,0],"12":[0,0],"13":[0,0],"14":[0,0],"15":[0,0],"16":[0,0],"17":[0,0],"18":[0,0],"19":[0,0,0],"20":[0,0],"21":[0,0],"22":[0,0],"23":[0,0],"24":[0,0],"25":[0,0],"26":[0,0],"27":[0,0],"28":[0,0],"29":[0,0],"30":[0,0],"31":[0,0],"32":[0,0],"33":[0,0],"34":[0,0],"35":[0,0],"36":[0,0],"37":[0,0],"38":[0,0],"39":[0,0],"40":[0,0],"41":[0,0],"42":[0,0],"43":[0,0],"44":[0,0],"45":[0,0],"46":[0,0],"47":[0,0],"48":[0,0],"49":[0,0],"50":[0,0],"51":[0,0],"52":[0,0,0]}}
,"/home/hhalse/OSP/Chrome-Ext-Webpack/src/components/DisplaySeo.jsx": {"path":"/home/hhalse/OSP/Chrome-Ext-Webpack/src/components/DisplaySeo.jsx","statementMap":{"0":{"start":{"line":5,"column":24},"end":{"line":5,"column":36}},"1":{"start":{"line":9,"column":46},"end":{"line":9,"column":58}},"2":{"start":{"line":11,"column":24},"end":{"line":33,"column":3}},"3":{"start":{"line":12,"column":4},"end":{"line":32,"column":5}},"4":{"start":{"line":13,"column":8},"end":{"line":13,"column":27}},"5":{"start":{"line":14,"column":27},"end":{"line":14,"column":87}},"6":{"start":{"line":15,"column":8},"end":{"line":15,"column":27}},"7":{"start":{"line":16,"column":25},"end":{"line":22,"column":10}},"8":{"start":{"line":23,"column":8},"end":{"line":25,"column":9}},"9":{"start":{"line":24,"column":10},"end":{"line":24,"column":46}},"10":{"start":{"line":26,"column":23},"end":{"line":26,"column":44}},"11":{"start":{"line":27,"column":21},"end":{"line":27,"column":46}},"12":{"start":{"line":28,"column":8},"end":{"line":28,"column":39}},"13":{"start":{"line":29,"column":8},"end":{"line":29,"column":28}},"14":{"start":{"line":31,"column":6},"end":{"line":31,"column":22}},"15":{"start":{"line":38,"column":3},"end":{"line":38,"column":31}},"16":{"start":{"line":40,"column":2},"end":{"line":48,"column":3}}},"fnMap":{"0":{"name":"DisplaySeo","decl":{"start":{"line":4,"column":24},"end":{"line":4,"column":34}},"loc":{"start":{"line":4,"column":38},"end":{"line":50,"column":1}},"line":4},"1":{"name":"(anonymous_1)","decl":{"start":{"line":11,"column":24},"end":{"line":11,"column":25}},"loc":{"start":{"line":11,"column":37},"end":{"line":33,"column":3}},"line":11}},"branchMap":{"0":{"loc":{"start":{"line":23,"column":8},"end":{"line":25,"column":9}},"type":"if","locations":[{"start":{"line":23,"column":8},"end":{"line":25,"column":9}},{"start":{},"end":{}}],"line":23},"1":{"loc":{"start":{"line":43,"column":10},"end":{"line":43,"column":27}},"type":"binary-expr","locations":[{"start":{"line":43,"column":10},"end":{"line":43,"column":13}},{"start":{"line":43,"column":17},"end":{"line":43,"column":27}}],"line":43},"2":{"loc":{"start":{"line":45,"column":7},"end":{"line":45,"column":86}},"type":"cond-expr","locations":[{"start":{"line":45,"column":35},"end":{"line":45,"column":79}},{"start":{"line":45,"column":82},"end":{"line":45,"column":86}}],"line":45}},"s":{"0":1,"1":1,"2":1,"3":0,"4":0,"5":0,"6":0,"7":0,"8":0,"9":0,"10":0,"11":0,"12":0,"13":0,"14":0,"15":1,"16":1},"f":{"0":1,"1":0},"b":{"0":[0,0],"1":[1,0],"2":[0,1]},"_coverageSchema":"1a1c01bbd47fc00a2c39e90264f33305004495a9","hash":"2d4b8a83062fcf43fd86a857501827c34997fde8"}
,"/home/hhalse/OSP/Chrome-Ext-Webpack/src/components/Errors.jsx": {"path":"/home/hhalse/OSP/Chrome-Ext-Webpack/src/components/Errors.jsx","statementMap":{"0":{"start":{"line":3,"column":15},"end":{"line":11,"column":1}},"1":{"start":{"line":4,"column":2},"end":{"line":10,"column":3}}},"fnMap":{"0":{"name":"(anonymous_0)","decl":{"start":{"line":3,"column":15},"end":{"line":3,"column":16}},"loc":{"start":{"line":3,"column":26},"end":{"line":11,"column":1}},"line":3}},"branchMap":{},"s":{"0":1,"1":2},"f":{"0":2},"b":{},"_coverageSchema":"1a1c01bbd47fc00a2c39e90264f33305004495a9","hash":"23f6f294288e662a357db39d8e7583988d459a17"}
,"/home/hhalse/OSP/Chrome-Ext-Webpack/src/components/MainUI.jsx": {"path":"/home/hhalse/OSP/Chrome-Ext-Webpack/src/components/MainUI.jsx","statementMap":{"0":{"start":{"line":10,"column":15},"end":{"line":80,"column":1}},"1":{"start":{"line":12,"column":30},"end":{"line":12,"column":42}},"2":{"start":{"line":14,"column":28},"end":{"line":18,"column":3}},"3":{"start":{"line":15,"column":4},"end":{"line":15,"column":24}},"4":{"start":{"line":16,"column":4},"end":{"line":16,"column":21}},"5":{"start":{"line":17,"column":4},"end":{"line":17,"column":20}},"6":{"start":{"line":19,"column":33},"end":{"line":23,"column":3}},"7":{"start":{"line":20,"column":4},"end":{"line":20,"column":27}},"8":{"start":{"line":22,"column":4},"end":{"line":22,"column":30}},"9":{"start":{"line":25,"column":2},"end":{"line":79,"column":3}},"10":{"start":{"line":41,"column":81},"end":{"line":41,"column":169}}},"fnMap":{"0":{"name":"(anonymous_0)","decl":{"start":{"line":10,"column":15},"end":{"line":10,"column":16}},"loc":{"start":{"line":10,"column":26},"end":{"line":80,"column":1}},"line":10},"1":{"name":"(anonymous_1)","decl":{"start":{"line":14,"column":28},"end":{"line":14,"column":29}},"loc":{"start":{"line":14,"column":34},"end":{"line":18,"column":3}},"line":14},"2":{"name":"(anonymous_2)","decl":{"start":{"line":19,"column":33},"end":{"line":19,"column":34}},"loc":{"start":{"line":19,"column":39},"end":{"line":23,"column":3}},"line":19},"3":{"name":"(anonymous_3)","decl":{"start":{"line":41,"column":70},"end":{"line":41,"column":71}},"loc":{"start":{"line":41,"column":81},"end":{"line":41,"column":169}},"line":41}},"branchMap":{"0":{"loc":{"start":{"line":38,"column":11},"end":{"line":38,"column":39}},"type":"binary-expr","locations":[{"start":{"line":38,"column":11},"end":{"line":38,"column":28}},{"start":{"line":38,"column":32},"end":{"line":38,"column":39}}],"line":38},"1":{"loc":{"start":{"line":39,"column":11},"end":{"line":39,"column":52}},"type":"binary-expr","locations":[{"start":{"line":39,"column":11},"end":{"line":39,"column":34}},{"start":{"line":39,"column":38},"end":{"line":39,"column":52}}],"line":39},"2":{"loc":{"start":{"line":40,"column":11},"end":{"line":40,"column":67}},"type":"cond-expr","locations":[{"start":{"line":40,"column":26},"end":{"line":40,"column":62}},{"start":{"line":40,"column":65},"end":{"line":40,"column":67}}],"line":40},"3":{"loc":{"start":{"line":41,"column":11},"end":{"line":41,"column":175}},"type":"cond-expr","locations":[{"start":{"line":41,"column":53},"end":{"line":41,"column":170}},{"start":{"line":41,"column":173},"end":{"line":41,"column":175}}],"line":41},"4":{"loc":{"start":{"line":41,"column":11},"end":{"line":41,"column":50}},"type":"binary-expr","locations":[{"start":{"line":41,"column":11},"end":{"line":41,"column":23}},{"start":{"line":41,"column":27},"end":{"line":41,"column":50}}],"line":41}},"s":{"0":1,"1":7,"2":7,"3":0,"4":0,"5":0,"6":7,"7":1,"8":1,"9":7,"10":2},"f":{"0":7,"1":0,"2":1,"3":2},"b":{"0":[7,0],"1":[7,1],"2":[3,4],"3":[2,5],"4":[7,3]},"_coverageSchema":"1a1c01bbd47fc00a2c39e90264f33305004495a9","hash":"b69f0f27667237038bd5f704f7e38e22f4f3751a"}
,"/home/hhalse/OSP/Chrome-Ext-Webpack/src/components/Tree.jsx": {"path":"/home/hhalse/OSP/Chrome-Ext-Webpack/src/components/Tree.jsx","statementMap":{"0":{"start":{"line":3,"column":13},"end":{"line":9,"column":1}},"1":{"start":{"line":4,"column":2},"end":{"line":8,"column":3}}},"fnMap":{"0":{"name":"(anonymous_0)","decl":{"start":{"line":3,"column":13},"end":{"line":3,"column":14}},"loc":{"start":{"line":3,"column":19},"end":{"line":9,"column":1}},"line":3}},"branchMap":{},"s":{"0":1,"1":0},"f":{"0":0},"b":{},"_coverageSchema":"1a1c01bbd47fc00a2c39e90264f33305004495a9","hash":"7d8ad119491d1cc7e4163d46b8f4c3e8c5fb8c53"}
}
