TN:
SF:src/background.js
FN:6,(anonymous_0)
FN:7,(anonymous_1)
FNF:2
FNH:0
FNDA:0,(anonymous_0)
FNDA:0,(anonymous_1)
DA:6,0
DA:7,0
DA:8,0
DA:9,0
DA:10,0
DA:11,0
DA:12,0
LF:7
LH:0
BRF:0
BRH:0
end_of_record
TN:
SF:src/index.jsx
FNF:0
FNH:0
DA:5,0
DA:6,0
DA:7,0
LF:3
LH:0
BRF:0
BRH:0
end_of_record
TN:
SF:src/components/App.jsx
FN:9,App
FN:19,treeGenerator
FN:25,(anonymous_2)
FN:25,(anonymous_3)
FN:34,(anonymous_4)
FN:69,update
FN:79,(anonymous_6)
FN:91,(anonymous_7)
FN:92,(anonymous_8)
FN:99,(anonymous_9)
FN:117,(anonymous_10)
FN:125,(anonymous_11)
FN:128,(anonymous_12)
FN:135,(anonymous_13)
FN:140,(anonymous_14)
FN:141,(anonymous_15)
FN:142,(anonymous_16)
FN:150,(anonymous_17)
FN:156,(anonymous_18)
FN:162,(anonymous_19)
FN:166,(anonymous_20)
FN:178,(anonymous_21)
FN:184,(anonymous_22)
FN:195,injectFunction
FN:201,(anonymous_24)
FN:213,grabTreeFromBrowser
FN:307,runComparison
FNF:27
FNH:0
FNDA:0,App
FNDA:0,treeGenerator
FNDA:0,(anonymous_2)
FNDA:0,(anonymous_3)
FNDA:0,(anonymous_4)
FNDA:0,update
FNDA:0,(anonymous_6)
FNDA:0,(anonymous_7)
FNDA:0,(anonymous_8)
FNDA:0,(anonymous_9)
FNDA:0,(anonymous_10)
FNDA:0,(anonymous_11)
FNDA:0,(anonymous_12)
FNDA:0,(anonymous_13)
FNDA:0,(anonymous_14)
FNDA:0,(anonymous_15)
FNDA:0,(anonymous_16)
FNDA:0,(anonymous_17)
FNDA:0,(anonymous_18)
FNDA:0,(anonymous_19)
FNDA:0,(anonymous_20)
FNDA:0,(anonymous_21)
FNDA:0,(anonymous_22)
FNDA:0,injectFunction
FNDA:0,(anonymous_24)
FNDA:0,grabTreeFromBrowser
FNDA:0,runComparison
DA:12,0
DA:16,0
DA:21,0
DA:22,0
DA:24,0
DA:25,0
DA:26,0
DA:27,0
DA:28,0
DA:30,0
DA:32,0
DA:33,0
DA:34,0
DA:35,0
DA:36,0
DA:37,0
DA:40,0
DA:44,0
DA:50,0
DA:54,0
DA:71,0
DA:72,0
DA:75,0
DA:77,0
DA:78,0
DA:79,0
DA:80,0
DA:81,0
DA:84,0
DA:86,0
DA:90,0
DA:91,0
DA:93,0
DA:94,0
DA:95,0
DA:96,0
DA:97,0
DA:99,0
DA:100,0
DA:101,0
DA:105,0
DA:107,0
DA:115,0
DA:118,0
DA:124,0
DA:125,0
DA:129,0
DA:130,0
DA:133,0
DA:135,0
DA:138,0
DA:140,0
DA:141,0
DA:142,0
DA:149,0
DA:150,0
DA:155,0
DA:156,0
DA:161,0
DA:162,0
DA:165,0
DA:168,0
DA:169,0
DA:173,0
DA:177,0
DA:179,0
DA:180,0
DA:184,0
DA:185,0
DA:186,0
DA:190,0
DA:196,0
DA:197,0
DA:202,0
DA:203,0
DA:204,0
DA:205,0
DA:215,0
DA:217,0
DA:218,0
DA:219,0
DA:220,0
DA:223,0
DA:224,0
DA:226,0
DA:227,0
DA:228,0
DA:229,0
DA:230,0
DA:232,0
DA:235,0
DA:236,0
DA:237,0
DA:238,0
DA:240,0
DA:241,0
DA:248,0
DA:249,0
DA:250,0
DA:254,0
DA:255,0
DA:256,0
DA:257,0
DA:258,0
DA:262,0
DA:263,0
DA:264,0
DA:265,0
DA:266,0
DA:267,0
DA:297,0
DA:298,0
DA:299,0
DA:300,0
DA:304,0
DA:309,0
DA:312,0
DA:315,0
DA:316,0
DA:317,0
DA:318,0
DA:319,0
DA:320,0
DA:323,0
DA:324,0
DA:325,0
DA:328,0
DA:329,0
DA:331,0
DA:333,0
DA:334,0
DA:335,0
DA:336,0
DA:337,0
DA:339,0
DA:341,0
DA:342,0
DA:343,0
DA:344,0
DA:348,0
DA:349,0
DA:350,0
DA:351,0
DA:352,0
DA:353,0
DA:363,0
DA:364,0
DA:366,0
DA:367,0
DA:368,0
DA:369,0
DA:370,0
DA:371,0
DA:373,0
DA:374,0
DA:375,0
DA:376,0
DA:377,0
DA:380,0
DA:381,0
DA:382,0
DA:383,0
DA:384,0
DA:387,0
DA:388,0
DA:389,0
DA:390,0
DA:391,0
DA:394,0
DA:398,0
DA:399,0
DA:400,0
DA:472,0
LF:173
LH:0
BRDA:37,0,0,0
BRDA:37,0,1,0
BRDA:80,1,0,0
BRDA:80,1,1,0
BRDA:81,2,0,0
BRDA:81,2,1,0
BRDA:97,3,0,0
BRDA:97,3,1,0
BRDA:100,4,0,0
BRDA:100,4,1,0
BRDA:100,5,0,0
BRDA:100,5,1,0
BRDA:129,6,0,0
BRDA:129,6,1,0
BRDA:135,7,0,0
BRDA:135,7,1,0
BRDA:135,8,0,0
BRDA:135,8,1,0
BRDA:140,9,0,0
BRDA:140,9,1,0
BRDA:141,10,0,0
BRDA:141,10,1,0
BRDA:215,11,0,0
BRDA:215,11,1,0
BRDA:215,12,0,0
BRDA:215,12,1,0
BRDA:215,13,0,0
BRDA:215,13,1,0
BRDA:229,14,0,0
BRDA:229,14,1,0
BRDA:240,15,0,0
BRDA:240,15,1,0
BRDA:241,16,0,0
BRDA:241,16,1,0
BRDA:248,17,0,0
BRDA:248,17,1,0
BRDA:249,18,0,0
BRDA:249,18,1,0
BRDA:249,19,0,0
BRDA:249,19,1,0
BRDA:249,19,2,0
BRDA:254,20,0,0
BRDA:254,20,1,0
BRDA:254,21,0,0
BRDA:254,21,1,0
BRDA:256,22,0,0
BRDA:256,22,1,0
BRDA:256,23,0,0
BRDA:256,23,1,0
BRDA:257,24,0,0
BRDA:257,24,1,0
BRDA:257,25,0,0
BRDA:257,25,1,0
BRDA:263,26,0,0
BRDA:263,26,1,0
BRDA:263,27,0,0
BRDA:263,27,1,0
BRDA:266,28,0,0
BRDA:266,28,1,0
BRDA:297,29,0,0
BRDA:297,29,1,0
BRDA:297,30,0,0
BRDA:297,30,1,0
BRDA:299,31,0,0
BRDA:299,31,1,0
BRDA:323,32,0,0
BRDA:323,32,1,0
BRDA:323,33,0,0
BRDA:323,33,1,0
BRDA:323,34,0,0
BRDA:323,34,1,0
BRDA:334,35,0,0
BRDA:334,35,1,0
BRDA:339,36,0,0
BRDA:339,36,1,0
BRDA:339,37,0,0
BRDA:339,37,1,0
BRDA:341,38,0,0
BRDA:341,38,1,0
BRDA:348,39,0,0
BRDA:348,39,1,0
BRDA:349,40,0,0
BRDA:349,40,1,0
BRDA:350,41,0,0
BRDA:350,41,1,0
BRDA:351,42,0,0
BRDA:351,42,1,0
BRDA:369,43,0,0
BRDA:369,43,1,0
BRDA:373,44,0,0
BRDA:373,44,1,0
BRDA:373,45,0,0
BRDA:373,45,1,0
BRDA:374,46,0,0
BRDA:374,46,1,0
BRDA:380,47,0,0
BRDA:380,47,1,0
BRDA:381,48,0,0
BRDA:381,48,1,0
BRDA:387,49,0,0
BRDA:387,49,1,0
BRDA:387,50,0,0
BRDA:387,50,1,0
BRDA:388,51,0,0
BRDA:388,51,1,0
BRDA:388,52,0,0
BRDA:388,52,1,0
BRDA:388,52,2,0
BRF:108
BRH:0
end_of_record
TN:
SF:src/components/DisplaySeo.jsx
FN:4,DisplaySeo
FN:11,(anonymous_1)
FNF:2
FNH:1
FNDA:1,DisplaySeo
FNDA:0,(anonymous_1)
DA:5,1
DA:9,1
DA:11,1
DA:12,0
DA:13,0
DA:14,0
DA:15,0
DA:16,0
DA:23,0
DA:24,0
DA:26,0
DA:27,0
DA:28,0
DA:29,0
DA:31,0
DA:38,1
DA:40,1
LF:17
LH:5
BRDA:23,0,0,0
BRDA:23,0,1,0
BRDA:43,1,0,1
BRDA:43,1,1,0
BRDA:45,2,0,0
BRDA:45,2,1,1
BRF:6
BRH:2
end_of_record
TN:
SF:src/components/Errors.jsx
FN:3,(anonymous_0)
FNF:1
FNH:1
FNDA:2,(anonymous_0)
DA:3,1
DA:4,2
LF:2
LH:2
BRF:0
BRH:0
end_of_record
TN:
SF:src/components/MainUI.jsx
FN:10,(anonymous_0)
FN:14,(anonymous_1)
FN:19,(anonymous_2)
FN:41,(anonymous_3)
FNF:4
FNH:3
FNDA:7,(anonymous_0)
FNDA:0,(anonymous_1)
FNDA:1,(anonymous_2)
FNDA:2,(anonymous_3)
DA:10,1
DA:12,7
DA:14,7
DA:15,0
DA:16,0
DA:17,0
DA:19,7
DA:20,1
DA:22,1
DA:25,7
DA:41,2
LF:11
LH:8
BRDA:38,0,0,7
BRDA:38,0,1,0
BRDA:39,1,0,7
BRDA:39,1,1,1
BRDA:40,2,0,3
BRDA:40,2,1,4
BRDA:41,3,0,2
BRDA:41,3,1,5
BRDA:41,4,0,7
BRDA:41,4,1,3
BRF:10
BRH:9
end_of_record
TN:
SF:src/components/Tree.jsx
FN:3,(anonymous_0)
FNF:1
FNH:0
FNDA:0,(anonymous_0)
DA:3,1
DA:4,0
LF:2
LH:1
BRF:0
BRH:0
end_of_record
