TN:
SF:src/background.js
FN:6,(anonymous_0)
FN:7,(anonymous_1)
FNF:2
FNH:0
FNDA:0,(anonymous_0)
FNDA:0,(anonymous_1)
DA:6,0
DA:7,0
DA:8,0
DA:9,0
DA:10,0
DA:11,0
DA:12,0
LF:7
LH:0
BRF:0
BRH:0
end_of_record
TN:
SF:src/index.jsx
FNF:0
FNH:0
DA:5,0
DA:6,0
DA:7,0
LF:3
LH:0
BRF:0
BRH:0
end_of_record
TN:
SF:src/components/App.jsx
FN:9,App
FN:21,treeGenerator
FN:23,expand
FN:32,expandAll
FN:40,(anonymous_4)
FN:40,(anonymous_5)
FN:49,(anonymous_6)
FN:59,(anonymous_7)
FN:89,update
FN:99,(anonymous_9)
FN:111,(anonymous_10)
FN:112,(anonymous_11)
FN:118,(anonymous_12)
FN:137,(anonymous_13)
FN:145,(anonymous_14)
FN:148,(anonymous_15)
FN:152,(anonymous_16)
FN:157,(anonymous_17)
FN:158,(anonymous_18)
FN:159,(anonymous_19)
FN:167,(anonymous_20)
FN:173,(anonymous_21)
FN:179,(anonymous_22)
FN:183,(anonymous_23)
FN:195,(anonymous_24)
FN:201,(anonymous_25)
FN:207,click
FN:224,injectFunction
FN:231,(anonymous_28)
FN:243,grabTreeFromBrowser
FN:337,runComparison
FN:627,(anonymous_31)
FN:630,(anonymous_32)
FNF:33
FNH:1
FNDA:2,App
FNDA:0,treeGenerator
FNDA:0,expand
FNDA:0,expandAll
FNDA:0,(anonymous_4)
FNDA:0,(anonymous_5)
FNDA:0,(anonymous_6)
FNDA:0,(anonymous_7)
FNDA:0,update
FNDA:0,(anonymous_9)
FNDA:0,(anonymous_10)
FNDA:0,(anonymous_11)
FNDA:0,(anonymous_12)
FNDA:0,(anonymous_13)
FNDA:0,(anonymous_14)
FNDA:0,(anonymous_15)
FNDA:0,(anonymous_16)
FNDA:0,(anonymous_17)
FNDA:0,(anonymous_18)
FNDA:0,(anonymous_19)
FNDA:0,(anonymous_20)
FNDA:0,(anonymous_21)
FNDA:0,(anonymous_22)
FNDA:0,(anonymous_23)
FNDA:0,(anonymous_24)
FNDA:0,(anonymous_25)
FNDA:0,click
FNDA:0,injectFunction
FNDA:0,(anonymous_28)
FNDA:0,grabTreeFromBrowser
FNDA:0,runComparison
FNDA:0,(anonymous_31)
FNDA:0,(anonymous_32)
DA:12,2
DA:16,1
DA:18,1
DA:24,0
DA:25,0
DA:26,0
DA:27,0
DA:29,0
DA:33,0
DA:34,0
DA:36,0
DA:37,0
DA:39,0
DA:40,0
DA:41,0
DA:42,0
DA:43,0
DA:45,0
DA:47,0
DA:48,0
DA:49,0
DA:50,0
DA:51,0
DA:52,0
DA:55,0
DA:60,0
DA:61,0
DA:64,0
DA:70,0
DA:74,0
DA:91,0
DA:92,0
DA:95,0
DA:97,0
DA:98,0
DA:99,0
DA:100,0
DA:101,0
DA:104,0
DA:106,0
DA:110,0
DA:111,0
DA:113,0
DA:114,0
DA:115,0
DA:116,0
DA:118,0
DA:119,0
DA:120,0
DA:122,0
DA:125,0
DA:127,0
DA:135,0
DA:138,0
DA:144,0
DA:145,0
DA:148,0
DA:150,0
DA:152,0
DA:155,0
DA:157,0
DA:158,0
DA:159,0
DA:166,0
DA:167,0
DA:172,0
DA:173,0
DA:178,0
DA:179,0
DA:182,0
DA:185,0
DA:186,0
DA:190,0
DA:194,0
DA:196,0
DA:197,0
DA:201,0
DA:202,0
DA:203,0
DA:208,0
DA:209,0
DA:210,0
DA:212,0
DA:213,0
DA:215,0
DA:219,0
DA:225,0
DA:226,0
DA:227,0
DA:232,0
DA:233,0
DA:234,0
DA:235,0
DA:245,0
DA:247,0
DA:248,0
DA:249,0
DA:250,0
DA:253,0
DA:254,0
DA:256,0
DA:257,0
DA:258,0
DA:259,0
DA:260,0
DA:262,0
DA:265,0
DA:266,0
DA:267,0
DA:268,0
DA:270,0
DA:271,0
DA:278,0
DA:279,0
DA:280,0
DA:284,0
DA:285,0
DA:286,0
DA:287,0
DA:288,0
DA:292,0
DA:293,0
DA:294,0
DA:295,0
DA:296,0
DA:297,0
DA:327,0
DA:328,0
DA:329,0
DA:330,0
DA:334,0
DA:339,0
DA:342,0
DA:345,0
DA:346,0
DA:347,0
DA:348,0
DA:349,0
DA:350,0
DA:353,0
DA:354,0
DA:355,0
DA:358,0
DA:359,0
DA:361,0
DA:363,0
DA:364,0
DA:365,0
DA:366,0
DA:368,0
DA:369,0
DA:372,0
DA:374,0
DA:375,0
DA:376,0
DA:377,0
DA:378,0
DA:382,0
DA:383,0
DA:384,0
DA:385,0
DA:386,0
DA:387,0
DA:388,0
DA:389,0
DA:398,0
DA:399,0
DA:401,0
DA:402,0
DA:403,0
DA:404,0
DA:405,0
DA:406,0
DA:407,0
DA:409,0
DA:410,0
DA:411,0
DA:412,0
DA:413,0
DA:416,0
DA:417,0
DA:418,0
DA:419,0
DA:420,0
DA:423,0
DA:424,0
DA:425,0
DA:426,0
DA:427,0
DA:430,0
DA:434,0
DA:435,0
DA:436,0
DA:437,0
DA:627,1
DA:629,0
DA:631,0
DA:632,0
DA:635,0
DA:636,0
DA:637,0
DA:638,0
DA:639,0
DA:642,0
DA:643,0
DA:644,0
DA:645,0
DA:652,0
DA:653,0
DA:655,0
DA:656,0
DA:657,0
DA:658,0
DA:659,0
DA:660,0
DA:661,0
DA:662,0
DA:673,0
DA:674,0
DA:675,0
DA:677,0
DA:678,0
DA:680,0
DA:683,0
DA:700,1
LF:225
LH:5
BRDA:24,0,0,0
BRDA:24,0,1,0
BRDA:25,1,0,0
BRDA:25,1,1,0
BRDA:29,2,0,0
BRDA:29,2,1,0
BRDA:52,3,0,0
BRDA:52,3,1,0
BRDA:100,4,0,0
BRDA:100,4,1,0
BRDA:101,5,0,0
BRDA:101,5,1,0
BRDA:116,6,0,0
BRDA:116,6,1,0
BRDA:119,7,0,0
BRDA:119,7,1,0
BRDA:152,8,0,0
BRDA:152,8,1,0
BRDA:152,9,0,0
BRDA:152,9,1,0
BRDA:157,10,0,0
BRDA:157,10,1,0
BRDA:158,11,0,0
BRDA:158,11,1,0
BRDA:208,12,0,0
BRDA:208,12,1,0
BRDA:245,13,0,0
BRDA:245,13,1,0
BRDA:245,14,0,0
BRDA:245,14,1,0
BRDA:245,15,0,0
BRDA:245,15,1,0
BRDA:259,16,0,0
BRDA:259,16,1,0
BRDA:270,17,0,0
BRDA:270,17,1,0
BRDA:271,18,0,0
BRDA:271,18,1,0
BRDA:278,19,0,0
BRDA:278,19,1,0
BRDA:279,20,0,0
BRDA:279,20,1,0
BRDA:279,21,0,0
BRDA:279,21,1,0
BRDA:279,21,2,0
BRDA:284,22,0,0
BRDA:284,22,1,0
BRDA:284,23,0,0
BRDA:284,23,1,0
BRDA:286,24,0,0
BRDA:286,24,1,0
BRDA:286,25,0,0
BRDA:286,25,1,0
BRDA:287,26,0,0
BRDA:287,26,1,0
BRDA:287,27,0,0
BRDA:287,27,1,0
BRDA:293,28,0,0
BRDA:293,28,1,0
BRDA:293,29,0,0
BRDA:293,29,1,0
BRDA:296,30,0,0
BRDA:296,30,1,0
BRDA:327,31,0,0
BRDA:327,31,1,0
BRDA:327,32,0,0
BRDA:327,32,1,0
BRDA:329,33,0,0
BRDA:329,33,1,0
BRDA:353,34,0,0
BRDA:353,34,1,0
BRDA:353,35,0,0
BRDA:353,35,1,0
BRDA:353,36,0,0
BRDA:353,36,1,0
BRDA:364,37,0,0
BRDA:364,37,1,0
BRDA:372,38,0,0
BRDA:372,38,1,0
BRDA:372,39,0,0
BRDA:372,39,1,0
BRDA:375,40,0,0
BRDA:375,40,1,0
BRDA:382,41,0,0
BRDA:382,41,1,0
BRDA:383,42,0,0
BRDA:383,42,1,0
BRDA:384,43,0,0
BRDA:384,43,1,0
BRDA:385,44,0,0
BRDA:385,44,1,0
BRDA:404,45,0,0
BRDA:404,45,1,0
BRDA:405,46,0,0
BRDA:405,46,1,0
BRDA:409,47,0,0
BRDA:409,47,1,0
BRDA:409,48,0,0
BRDA:409,48,1,0
BRDA:410,49,0,0
BRDA:410,49,1,0
BRDA:416,50,0,0
BRDA:416,50,1,0
BRDA:417,51,0,0
BRDA:417,51,1,0
BRDA:423,52,0,0
BRDA:423,52,1,0
BRDA:423,53,0,0
BRDA:423,53,1,0
BRDA:424,54,0,0
BRDA:424,54,1,0
BRDA:424,55,0,0
BRDA:424,55,1,0
BRDA:424,55,2,0
BRDA:631,56,0,0
BRDA:631,56,1,0
BRDA:652,57,0,0
BRDA:652,57,1,0
BRDA:674,58,0,0
BRDA:674,58,1,0
BRF:120
BRH:0
end_of_record
TN:
SF:src/components/DisplaySeo.jsx
FN:4,DisplaySeo
FN:11,(anonymous_1)
FNF:2
FNH:1
FNDA:2,DisplaySeo
FNDA:0,(anonymous_1)
DA:5,2
DA:9,2
DA:11,2
DA:12,0
DA:13,0
DA:14,0
DA:15,0
DA:16,0
DA:23,0
DA:24,0
DA:26,0
DA:27,0
DA:28,0
DA:29,0
DA:31,0
DA:38,2
DA:40,2
LF:17
LH:5
BRDA:23,0,0,0
BRDA:23,0,1,0
BRDA:43,1,0,2
BRDA:43,1,1,0
BRDA:45,2,0,0
BRDA:45,2,1,2
BRF:6
BRH:2
end_of_record
TN:
SF:src/components/Errors.jsx
FN:3,(anonymous_0)
FNF:1
FNH:1
FNDA:2,(anonymous_0)
DA:3,3
DA:5,2
LF:2
LH:2
BRF:0
BRH:0
end_of_record
TN:
SF:src/components/MainUI.jsx
FN:10,(anonymous_0)
FN:13,(anonymous_1)
FN:18,(anonymous_2)
FNF:3
FNH:2
FNDA:10,(anonymous_0)
FNDA:0,(anonymous_1)
FNDA:1,(anonymous_2)
DA:10,2
DA:11,10
DA:13,8
DA:14,0
DA:15,0
DA:16,0
DA:18,8
DA:19,1
DA:21,1
DA:24,8
LF:10
LH:7
BRDA:37,0,0,8
BRDA:37,0,1,7
BRDA:38,1,0,8
BRDA:38,1,1,1
BRF:4
BRH:4
end_of_record
TN:
SF:src/components/Tree.jsx
FN:5,(anonymous_0)
FN:17,(anonymous_1)
FNF:2
FNH:2
FNDA:11,(anonymous_0)
FNDA:2,(anonymous_1)
DA:5,3
DA:6,11
DA:12,11
DA:17,2
LF:4
LH:4
BRDA:16,0,0,4
BRDA:16,0,1,4
BRDA:17,1,0,2
BRDA:17,1,1,6
BRDA:17,2,0,8
BRDA:17,2,1,4
BRF:6
BRH:6
end_of_record
